memory profiling: sample.interval=20000
:956403:43381698:83173048:0:
:956403:43381698:83173048:0:
:956403:43381698:83173048:0:
:956403:43381698:83173048:0:
:956403:43381698:83173048:0:
:956403:43381698:83173048:0:
:956403:43381698:83173048:0:
:956403:43381698:83173048:0:
:956403:43381698:83173048:0:
:956403:43381698:83173048:0:
:956403:43381698:83173048:0:
:956403:43381698:83173048:0:
:956403:43381698:83173048:0:
:956403:43381698:83173048:0:
:956403:43381698:83173048:0:
:956403:43381698:83173048:0:
:956403:43381698:83173048:0:
:956403:43381698:83173048:0:
:956403:43381698:83173048:0:
:956403:43381698:83173048:0:
:956403:43381698:83173048:0:
:956403:43381698:83173048:0:
:956403:43381698:83173048:0:
:956403:43381698:83173048:0:
:956403:43381698:83173048:0:
:956403:43381698:83173048:0:
:956403:43381698:83173048:0:
:956403:43381698:83173048:0:
:956403:43381698:83173048:0:
:956403:43381698:83173048:0:
:956403:43381698:83173048:0:
:956403:43381698:83173048:0:
:956403:43381698:83173048:0:
:956403:43381698:83173048:0:
:956403:43381698:83173048:0:
:956403:43381698:83173048:0:
:956403:43381698:83173048:0:
:956403:43381698:83173048:0:
:956403:43381698:83173048:0:
:956403:43381698:83173048:0:
:956403:43381698:83173048:0:
:956403:43381698:83173048:0:
:956403:43381698:83173048:0:
:956403:43381698:83173048:0:
:956403:43381698:83173048:0:
:956403:43381698:83173048:0:
:956403:43381698:83173048:0:
:956403:43381698:83173048:0:
:956403:43381698:83173048:0:
:956403:43381698:83173048:0:
:956403:43381698:83173048:0:
:956403:43381698:83173048:0:
:956403:43381698:83173048:0:
:956403:43381698:83173048:0:
:956403:43381698:83173048:0:
:956403:43381698:83173048:0:
:956403:43381698:83173048:0:
:956403:43381698:83173048:0:
:956403:43381698:83173048:0:
:956403:43381698:83173048:0:
:956403:43381698:83173048:0:
:956403:43381698:83173048:0:
:956403:43381698:83173048:0:
:956403:43381698:83173048:0:
:956403:43381698:83173048:0:
:956403:43381698:83173048:0:
:956403:43381698:83173048:0:
:956403:43381698:83173048:0:
:956403:43381698:83173048:0:
:956403:43381698:83173048:0:
:956403:43381698:83173048:0:
:956403:43381698:83173048:0:
:956403:43381698:83173048:0:
:956403:43381698:83173048:0:
:956403:43381698:83173048:0:
:956403:43381698:83173048:0:
:956403:43381698:83173048:0:
:956403:43381698:83173048:0:
:956403:43381698:83173048:0:
:956403:43381698:83173048:0:
:956403:43381698:83173048:0:
:956403:43381698:83173048:0:
:956403:43381698:83173048:0:
:956403:43381698:83173048:0:
:956403:43381698:83173048:0:
:956403:43381698:83173048:0:
:956403:43381698:83173048:0:
:956403:43381698:83173048:0:
:956403:43381698:83173048:0:
:956403:43381698:83173048:0:
:956403:43381698:83173048:0:
:956403:43381698:83173048:0:
:956403:43381698:83173048:0:
:956403:43381698:83173048:0:
:956403:43381698:83173048:0:
:956403:43381698:83173048:0:
:956403:43381698:83173048:0:
:956403:43381698:83173048:0:
:956403:43381698:83173048:0:
:956403:43381698:83173048:0:
:956403:43381698:83173048:0:
:956403:43381698:83173048:0:
:956403:43381698:83173048:0:
:956403:43381698:83173048:0:
:956403:43381698:83173048:0:
:956403:43381698:83173048:0:
:956403:43381698:83173048:0:
:956403:43381698:83173048:0:
:956403:43381698:83173048:0:
:956403:43381698:83173048:0:
:956403:43381698:83173048:0:
:956403:43381698:83173048:0:
:956403:43381698:83173048:0:
:956403:43381698:83173048:0:
:956403:43381698:83173048:0:
:956403:43381698:83173048:0:
:956403:43381698:83173048:0:
:956403:43381698:83173048:0:
:956403:43381698:83173048:0:
:956403:43381698:83173048:0:
:956403:43381698:83173048:0:
:956403:43381698:83173048:0:
:956403:43381698:83173048:0:
:956403:43381698:83173048:0:
:956403:43381698:83173048:0:
:956403:43381698:83173048:0:
:956403:43381698:83173048:0:
:956403:43381698:83173048:0:
:956403:43381698:83173048:0:
:956403:43381698:83173048:0:
:956403:43381698:83173048:0:
:956403:43381698:83173048:0:
:956403:43381698:83173048:0:
:956403:43381698:83173048:0:
:956403:43381698:83173048:0:
:956403:43381698:83173048:0:
:956403:43381698:83173048:0:
:956403:43381698:83173048:0:
:956403:43381698:83173048:0:
:956403:43381698:83173048:0:
:956403:43381698:83173048:0:
:956403:43381698:83173048:0:
:956403:43381698:83173048:0:
:956403:43381698:83173048:0:
:956403:43381698:83173048:0:
:956403:43381698:83173048:0:
:956403:43381698:83173048:0:
:956403:43381698:83173048:0:
:956403:43381698:83173048:0:
:956403:43381698:83173048:0:
:956403:43381698:83173048:0:
:956403:43381698:83173048:0:
:956403:43381698:83173048:0:
:956403:43381698:83173048:0:
:956403:43381698:83173048:0:
:956403:43381698:83173048:0:
:956403:43381698:83173048:0:
:956403:43381698:83173048:0:
:956403:43381698:83173048:0:
:956403:43381698:83173048:0:
:956403:43381698:83173048:0:
:956403:43381698:83173048:0:
:956403:43381698:83173048:0:
:956403:43381698:83173048:0:
:956403:43381698:83173048:0:
:956403:43381698:83173048:0:
:956403:43381698:83173048:0:
:956403:43381698:83173048:0:
:956403:43381698:83173048:0:
:956403:43381698:83173048:0:
:956403:43381698:83173048:0:
:956403:43381698:83173048:0:
:956403:43381698:83173048:0:
:956403:43381698:83173048:0:
:958897:43903111:83775496:696:"levels" "as.matrix.data.frame" "as.matrix" "colSums" "subset.pol" "rfor.run" 
:966498:47900867:85826720:2493:"matrix" "randomForest.default" "randomForest" "doTryCatch" "tryCatchOne" "tryCatchList" "tryCatch" "try" "rfor.run" 
:966505:50013367:85829128:1:"matrix" "randomForest.default" "randomForest" "doTryCatch" "tryCatchOne" "tryCatchList" "tryCatch" "try" "rfor.run" 
:947349:38890690:81042528:1:"matrix" "randomForest.default" "randomForest" "doTryCatch" "tryCatchOne" "tryCatchList" "tryCatch" "try" "rfor.run" 
:947356:43115690:81044936:1:"matrix" "randomForest.default" "randomForest" "doTryCatch" "tryCatchOne" "tryCatchList" "tryCatch" "try" "rfor.run" 
:947363:45228190:81047344:1:"matrix" "randomForest.default" "randomForest" "doTryCatch" "tryCatchOne" "tryCatchList" "tryCatch" "try" "rfor.run" 
:947370:49453190:81049752:1:"matrix" "randomForest.default" "randomForest" "doTryCatch" "tryCatchOne" "tryCatchList" "tryCatch" "try" "rfor.run" 
:947387:49454870:81054736:6:".C" "randomForest.default" "randomForest" "doTryCatch" "tryCatchOne" "tryCatchList" "tryCatch" "try" "rfor.run" 
:947387:49581625:81055184:0:".C" "randomForest.default" "randomForest" "doTryCatch" "tryCatchOne" "tryCatchList" "tryCatch" "try" "rfor.run" 
:947387:49581625:81055184:0:".C" "randomForest.default" "randomForest" "doTryCatch" "tryCatchOne" "tryCatchList" "tryCatch" "try" "rfor.run" 
:947387:49581625:81055184:0:".C" "randomForest.default" "randomForest" "doTryCatch" "tryCatchOne" "tryCatchList" "tryCatch" "try" "rfor.run" 
:947387:49581625:81055184:0:".C" "randomForest.default" "randomForest" "doTryCatch" "tryCatchOne" "tryCatchList" "tryCatch" "try" "rfor.run" 
:947387:49581625:81055184:0:".C" "randomForest.default" "randomForest" "doTryCatch" "tryCatchOne" "tryCatchList" "tryCatch" "try" "rfor.run" 
:947387:49581625:81055184:0:".C" "randomForest.default" "randomForest" "doTryCatch" "tryCatchOne" "tryCatchList" "tryCatch" "try" "rfor.run" 
:947387:49581625:81055184:0:".C" "randomForest.default" "randomForest" "doTryCatch" "tryCatchOne" "tryCatchList" "tryCatch" "try" "rfor.run" 
:947387:49581625:81055184:0:".C" "randomForest.default" "randomForest" "doTryCatch" "tryCatchOne" "tryCatchList" "tryCatch" "try" "rfor.run" 
:947387:49581625:81055184:0:".C" "randomForest.default" "randomForest" "doTryCatch" "tryCatchOne" "tryCatchList" "tryCatch" "try" "rfor.run" 
:947387:49581625:81055184:0:".C" "randomForest.default" "randomForest" "doTryCatch" "tryCatchOne" "tryCatchList" "tryCatch" "try" "rfor.run" 
:947387:49581625:81055184:0:".C" "randomForest.default" "randomForest" "doTryCatch" "tryCatchOne" "tryCatchList" "tryCatch" "try" "rfor.run" 
:947387:49581625:81055184:0:".C" "randomForest.default" "randomForest" "doTryCatch" "tryCatchOne" "tryCatchList" "tryCatch" "try" "rfor.run" 
:947387:49581625:81055184:0:".C" "randomForest.default" "randomForest" "doTryCatch" "tryCatchOne" "tryCatchList" "tryCatch" "try" "rfor.run" 
:947387:49581625:81055184:0:".C" "randomForest.default" "randomForest" "doTryCatch" "tryCatchOne" "tryCatchList" "tryCatch" "try" "rfor.run" 
:947387:49581625:81055184:0:".C" "randomForest.default" "randomForest" "doTryCatch" "tryCatchOne" "tryCatchList" "tryCatch" "try" "rfor.run" 
:947387:49581625:81055184:0:".C" "randomForest.default" "randomForest" "doTryCatch" "tryCatchOne" "tryCatchList" "tryCatch" "try" "rfor.run" 
:947387:49581625:81055184:0:".C" "randomForest.default" "randomForest" "doTryCatch" "tryCatchOne" "tryCatchList" "tryCatch" "try" "rfor.run" 
:947387:49581625:81055184:0:".C" "randomForest.default" "randomForest" "doTryCatch" "tryCatchOne" "tryCatchList" "tryCatch" "try" "rfor.run" 
:947387:49581625:81055184:0:".C" "randomForest.default" "randomForest" "doTryCatch" "tryCatchOne" "tryCatchList" "tryCatch" "try" "rfor.run" 
:947387:49581625:81055184:0:".C" "randomForest.default" "randomForest" "doTryCatch" "tryCatchOne" "tryCatchList" "tryCatch" "try" "rfor.run" 
:947387:49581625:81055184:0:".C" "randomForest.default" "randomForest" "doTryCatch" "tryCatchOne" "tryCatchList" "tryCatch" "try" "rfor.run" 
:947387:49581625:81055184:0:".C" "randomForest.default" "randomForest" "doTryCatch" "tryCatchOne" "tryCatchList" "tryCatch" "try" "rfor.run" 
:947387:49581625:81055184:0:".C" "randomForest.default" "randomForest" "doTryCatch" "tryCatchOne" "tryCatchList" "tryCatch" "try" "rfor.run" 
:947387:49581625:81055184:0:".C" "randomForest.default" "randomForest" "doTryCatch" "tryCatchOne" "tryCatchList" "tryCatch" "try" "rfor.run" 
:947387:49581625:81055184:0:".C" "randomForest.default" "randomForest" "doTryCatch" "tryCatchOne" "tryCatchList" "tryCatch" "try" "rfor.run" 
:947387:49581625:81055184:0:".C" "randomForest.default" "randomForest" "doTryCatch" "tryCatchOne" "tryCatchList" "tryCatch" "try" "rfor.run" 
:947387:49581625:81055184:0:".C" "randomForest.default" "randomForest" "doTryCatch" "tryCatchOne" "tryCatchList" "tryCatch" "try" "rfor.run" 
:947387:49581625:81055184:0:".C" "randomForest.default" "randomForest" "doTryCatch" "tryCatchOne" "tryCatchList" "tryCatch" "try" "rfor.run" 
:947387:49581625:81055184:0:".C" "randomForest.default" "randomForest" "doTryCatch" "tryCatchOne" "tryCatchList" "tryCatch" "try" "rfor.run" 
:947387:49581625:81055184:0:".C" "randomForest.default" "randomForest" "doTryCatch" "tryCatchOne" "tryCatchList" "tryCatch" "try" "rfor.run" 
:947387:49581625:81055184:0:".C" "randomForest.default" "randomForest" "doTryCatch" "tryCatchOne" "tryCatchList" "tryCatch" "try" "rfor.run" 
:947387:49581625:81055184:0:".C" "randomForest.default" "randomForest" "doTryCatch" "tryCatchOne" "tryCatchList" "tryCatch" "try" "rfor.run" 
:947387:49581625:81055184:0:".C" "randomForest.default" "randomForest" "doTryCatch" "tryCatchOne" "tryCatchList" "tryCatch" "try" "rfor.run" 
:947387:49581625:81055184:0:".C" "randomForest.default" "randomForest" "doTryCatch" "tryCatchOne" "tryCatchList" "tryCatch" "try" "rfor.run" 
:947387:49581625:81055184:0:".C" "randomForest.default" "randomForest" "doTryCatch" "tryCatchOne" "tryCatchList" "tryCatch" "try" "rfor.run" 
:947387:49581625:81055184:0:".C" "randomForest.default" "randomForest" "doTryCatch" "tryCatchOne" "tryCatchList" "tryCatch" "try" "rfor.run" 
:947387:49581625:81055184:0:".C" "randomForest.default" "randomForest" "doTryCatch" "tryCatchOne" "tryCatchList" "tryCatch" "try" "rfor.run" 
:947387:49581625:81055184:0:".C" "randomForest.default" "randomForest" "doTryCatch" "tryCatchOne" "tryCatchList" "tryCatch" "try" "rfor.run" 
:947387:49581625:81055184:0:".C" "randomForest.default" "randomForest" "doTryCatch" "tryCatchOne" "tryCatchList" "tryCatch" "try" "rfor.run" 
:947387:49581625:81055184:0:".C" "randomForest.default" "randomForest" "doTryCatch" "tryCatchOne" "tryCatchList" "tryCatch" "try" "rfor.run" 
:947387:49581625:81055184:0:".C" "randomForest.default" "randomForest" "doTryCatch" "tryCatchOne" "tryCatchList" "tryCatch" "try" "rfor.run" 
:947387:49581625:81055184:0:".C" "randomForest.default" "randomForest" "doTryCatch" "tryCatchOne" "tryCatchList" "tryCatch" "try" "rfor.run" 
:947387:49581625:81055184:0:".C" "randomForest.default" "randomForest" "doTryCatch" "tryCatchOne" "tryCatchList" "tryCatch" "try" "rfor.run" 
:947387:49581625:81055184:0:".C" "randomForest.default" "randomForest" "doTryCatch" "tryCatchOne" "tryCatchList" "tryCatch" "try" "rfor.run" 
:947387:49581625:81055184:0:".C" "randomForest.default" "randomForest" "doTryCatch" "tryCatchOne" "tryCatchList" "tryCatch" "try" "rfor.run" 
:947387:49581625:81055184:0:".C" "randomForest.default" "randomForest" "doTryCatch" "tryCatchOne" "tryCatchList" "tryCatch" "try" "rfor.run" 
:947387:49581625:81055184:0:".C" "randomForest.default" "randomForest" "doTryCatch" "tryCatchOne" "tryCatchList" "tryCatch" "try" "rfor.run" 
:947387:49581625:81055184:0:".C" "randomForest.default" "randomForest" "doTryCatch" "tryCatchOne" "tryCatchList" "tryCatch" "try" "rfor.run" 
:947387:49581625:81055184:0:".C" "randomForest.default" "randomForest" "doTryCatch" "tryCatchOne" "tryCatchList" "tryCatch" "try" "rfor.run" 
:947387:49581625:81055184:0:".C" "randomForest.default" "randomForest" "doTryCatch" "tryCatchOne" "tryCatchList" "tryCatch" "try" "rfor.run" 
:947387:49581625:81055184:0:".C" "randomForest.default" "randomForest" "doTryCatch" "tryCatchOne" "tryCatchList" "tryCatch" "try" "rfor.run" 
:947387:49581625:81055184:0:".C" "randomForest.default" "randomForest" "doTryCatch" "tryCatchOne" "tryCatchList" "tryCatch" "try" "rfor.run" 
:947387:49581625:81055184:0:".C" "randomForest.default" "randomForest" "doTryCatch" "tryCatchOne" "tryCatchList" "tryCatch" "try" "rfor.run" 
:947387:49581625:81055184:0:".C" "randomForest.default" "randomForest" "doTryCatch" "tryCatchOne" "tryCatchList" "tryCatch" "try" "rfor.run" 
:947387:49581625:81055184:0:".C" "randomForest.default" "randomForest" "doTryCatch" "tryCatchOne" "tryCatchList" "tryCatch" "try" "rfor.run" 
:947387:49581625:81055184:0:".C" "randomForest.default" "randomForest" "doTryCatch" "tryCatchOne" "tryCatchList" "tryCatch" "try" "rfor.run" 
:947387:49581625:81055184:0:".C" "randomForest.default" "randomForest" "doTryCatch" "tryCatchOne" "tryCatchList" "tryCatch" "try" "rfor.run" 
:947387:49581625:81055184:0:".C" "randomForest.default" "randomForest" "doTryCatch" "tryCatchOne" "tryCatchList" "tryCatch" "try" "rfor.run" 
:947387:49581625:81055184:0:".C" "randomForest.default" "randomForest" "doTryCatch" "tryCatchOne" "tryCatchList" "tryCatch" "try" "rfor.run" 
:947387:49581625:81055184:0:".C" "randomForest.default" "randomForest" "doTryCatch" "tryCatchOne" "tryCatchList" "tryCatch" "try" "rfor.run" 
:947387:49581625:81055184:0:".C" "randomForest.default" "randomForest" "doTryCatch" "tryCatchOne" "tryCatchList" "tryCatch" "try" "rfor.run" 
:947387:49581625:81055184:0:".C" "randomForest.default" "randomForest" "doTryCatch" "tryCatchOne" "tryCatchList" "tryCatch" "try" "rfor.run" 
:947387:49581625:81055184:0:".C" "randomForest.default" "randomForest" "doTryCatch" "tryCatchOne" "tryCatchList" "tryCatch" "try" "rfor.run" 
:947387:49581625:81055184:0:".C" "randomForest.default" "randomForest" "doTryCatch" "tryCatchOne" "tryCatchList" "tryCatch" "try" "rfor.run" 
:947387:49581625:81055184:0:".C" "randomForest.default" "randomForest" "doTryCatch" "tryCatchOne" "tryCatchList" "tryCatch" "try" "rfor.run" 
:947387:49581625:81055184:0:".C" "randomForest.default" "randomForest" "doTryCatch" "tryCatchOne" "tryCatchList" "tryCatch" "try" "rfor.run" 
:947387:49581625:81055184:0:".C" "randomForest.default" "randomForest" "doTryCatch" "tryCatchOne" "tryCatchList" "tryCatch" "try" "rfor.run" 
:947387:49581625:81055184:0:".C" "randomForest.default" "randomForest" "doTryCatch" "tryCatchOne" "tryCatchList" "tryCatch" "try" "rfor.run" 
:947387:49581625:81055184:0:".C" "randomForest.default" "randomForest" "doTryCatch" "tryCatchOne" "tryCatchList" "tryCatch" "try" "rfor.run" 
:947387:49581625:81055184:0:".C" "randomForest.default" "randomForest" "doTryCatch" "tryCatchOne" "tryCatchList" "tryCatch" "try" "rfor.run" 
:947387:49581625:81055184:0:".C" "randomForest.default" "randomForest" "doTryCatch" "tryCatchOne" "tryCatchList" "tryCatch" "try" "rfor.run" 
:947387:49581625:81055184:0:".C" "randomForest.default" "randomForest" "doTryCatch" "tryCatchOne" "tryCatchList" "tryCatch" "try" "rfor.run" 
:947387:49581625:81055184:0:".C" "randomForest.default" "randomForest" "doTryCatch" "tryCatchOne" "tryCatchList" "tryCatch" "try" "rfor.run" 
:947387:49581625:81055184:0:".C" "randomForest.default" "randomForest" "doTryCatch" "tryCatchOne" "tryCatchList" "tryCatch" "try" "rfor.run" 
:947387:49581625:81055184:0:".C" "randomForest.default" "randomForest" "doTryCatch" "tryCatchOne" "tryCatchList" "tryCatch" "try" "rfor.run" 
:947387:49581625:81055184:0:".C" "randomForest.default" "randomForest" "doTryCatch" "tryCatchOne" "tryCatchList" "tryCatch" "try" "rfor.run" 
:947387:49581625:81055184:0:".C" "randomForest.default" "randomForest" "doTryCatch" "tryCatchOne" "tryCatchList" "tryCatch" "try" "rfor.run" 
:947387:49581625:81055184:0:".C" "randomForest.default" "randomForest" "doTryCatch" "tryCatchOne" "tryCatchList" "tryCatch" "try" "rfor.run" 
:947387:49581625:81055184:0:".C" "randomForest.default" "randomForest" "doTryCatch" "tryCatchOne" "tryCatchList" "tryCatch" "try" "rfor.run" 
:947387:49581625:81055184:0:".C" "randomForest.default" "randomForest" "doTryCatch" "tryCatchOne" "tryCatchList" "tryCatch" "try" "rfor.run" 
:947387:49581625:81055184:0:".C" "randomForest.default" "randomForest" "doTryCatch" "tryCatchOne" "tryCatchList" "tryCatch" "try" "rfor.run" 
:947387:49581625:81055184:0:".C" "randomForest.default" "randomForest" "doTryCatch" "tryCatchOne" "tryCatchList" "tryCatch" "try" "rfor.run" 
:947387:49581625:81055184:0:".C" "randomForest.default" "randomForest" "doTryCatch" "tryCatchOne" "tryCatchList" "tryCatch" "try" "rfor.run" 
:947387:49581625:81055184:0:".C" "randomForest.default" "randomForest" "doTryCatch" "tryCatchOne" "tryCatchList" "tryCatch" "try" "rfor.run" 
:947387:49581625:81055184:0:".C" "randomForest.default" "randomForest" "doTryCatch" "tryCatchOne" "tryCatchList" "tryCatch" "try" "rfor.run" 
:947387:49581625:81055184:0:".C" "randomForest.default" "randomForest" "doTryCatch" "tryCatchOne" "tryCatchList" "tryCatch" "try" "rfor.run" 
:947387:49581625:81055184:0:".C" "randomForest.default" "randomForest" "doTryCatch" "tryCatchOne" "tryCatchList" "tryCatch" "try" "rfor.run" 
:947387:49581625:81055184:0:".C" "randomForest.default" "randomForest" "doTryCatch" "tryCatchOne" "tryCatchList" "tryCatch" "try" "rfor.run" 
:947387:49581625:81055184:0:".C" "randomForest.default" "randomForest" "doTryCatch" "tryCatchOne" "tryCatchList" "tryCatch" "try" "rfor.run" 
:947387:49581625:81055184:0:".C" "randomForest.default" "randomForest" "doTryCatch" "tryCatchOne" "tryCatchList" "tryCatch" "try" "rfor.run" 
:947387:49581625:81055184:0:".C" "randomForest.default" "randomForest" "doTryCatch" "tryCatchOne" "tryCatchList" "tryCatch" "try" "rfor.run" 
:947387:49581625:81055184:0:".C" "randomForest.default" "randomForest" "doTryCatch" "tryCatchOne" "tryCatchList" "tryCatch" "try" "rfor.run" 
:947387:49581625:81055184:0:".C" "randomForest.default" "randomForest" "doTryCatch" "tryCatchOne" "tryCatchList" "tryCatch" "try" "rfor.run" 
:947387:49581625:81055184:0:".C" "randomForest.default" "randomForest" "doTryCatch" "tryCatchOne" "tryCatchList" "tryCatch" "try" "rfor.run" 
:947387:49581625:81055184:0:".C" "randomForest.default" "randomForest" "doTryCatch" "tryCatchOne" "tryCatchList" "tryCatch" "try" "rfor.run" 
:947387:49581625:81055184:0:".C" "randomForest.default" "randomForest" "doTryCatch" "tryCatchOne" "tryCatchList" "tryCatch" "try" "rfor.run" 
:947387:49581625:81055184:0:".C" "randomForest.default" "randomForest" "doTryCatch" "tryCatchOne" "tryCatchList" "tryCatch" "try" "rfor.run" 
:947387:49581625:81055184:0:".C" "randomForest.default" "randomForest" "doTryCatch" "tryCatchOne" "tryCatchList" "tryCatch" "try" "rfor.run" 
:947387:49581625:81055184:0:".C" "randomForest.default" "randomForest" "doTryCatch" "tryCatchOne" "tryCatchList" "tryCatch" "try" "rfor.run" 
:947387:49581625:81055184:0:".C" "randomForest.default" "randomForest" "doTryCatch" "tryCatchOne" "tryCatchList" "tryCatch" "try" "rfor.run" 
:947387:49581625:81055184:0:".C" "randomForest.default" "randomForest" "doTryCatch" "tryCatchOne" "tryCatchList" "tryCatch" "try" "rfor.run" 
:947387:49581625:81055184:0:".C" "randomForest.default" "randomForest" "doTryCatch" "tryCatchOne" "tryCatchList" "tryCatch" "try" "rfor.run" 
:947387:49581625:81055184:0:".C" "randomForest.default" "randomForest" "doTryCatch" "tryCatchOne" "tryCatchList" "tryCatch" "try" "rfor.run" 
:947387:49581625:81055184:0:".C" "randomForest.default" "randomForest" "doTryCatch" "tryCatchOne" "tryCatchList" "tryCatch" "try" "rfor.run" 
:947387:49581625:81055184:0:".C" "randomForest.default" "randomForest" "doTryCatch" "tryCatchOne" "tryCatchList" "tryCatch" "try" "rfor.run" 
:947387:49581625:81055184:0:".C" "randomForest.default" "randomForest" "doTryCatch" "tryCatchOne" "tryCatchList" "tryCatch" "try" "rfor.run" 
:947387:49581625:81055184:0:".C" "randomForest.default" "randomForest" "doTryCatch" "tryCatchOne" "tryCatchList" "tryCatch" "try" "rfor.run" 
:947387:49581625:81055184:0:".C" "randomForest.default" "randomForest" "doTryCatch" "tryCatchOne" "tryCatchList" "tryCatch" "try" "rfor.run" 
:947387:49581625:81055184:0:".C" "randomForest.default" "randomForest" "doTryCatch" "tryCatchOne" "tryCatchList" "tryCatch" "try" "rfor.run" 
:947387:49581625:81055184:0:".C" "randomForest.default" "randomForest" "doTryCatch" "tryCatchOne" "tryCatchList" "tryCatch" "try" "rfor.run" 
:947387:49581625:81055184:0:".C" "randomForest.default" "randomForest" "doTryCatch" "tryCatchOne" "tryCatchList" "tryCatch" "try" "rfor.run" 
:947387:49581625:81055184:0:".C" "randomForest.default" "randomForest" "doTryCatch" "tryCatchOne" "tryCatchList" "tryCatch" "try" "rfor.run" 
:947387:49581625:81055184:0:".C" "randomForest.default" "randomForest" "doTryCatch" "tryCatchOne" "tryCatchList" "tryCatch" "try" "rfor.run" 
:947387:49581625:81055184:0:".C" "randomForest.default" "randomForest" "doTryCatch" "tryCatchOne" "tryCatchList" "tryCatch" "try" "rfor.run" 
:947387:49581625:81055184:0:".C" "randomForest.default" "randomForest" "doTryCatch" "tryCatchOne" "tryCatchList" "tryCatch" "try" "rfor.run" 
:947387:49581625:81055184:0:".C" "randomForest.default" "randomForest" "doTryCatch" "tryCatchOne" "tryCatchList" "tryCatch" "try" "rfor.run" 
:947387:49581625:81055184:0:".C" "randomForest.default" "randomForest" "doTryCatch" "tryCatchOne" "tryCatchList" "tryCatch" "try" "rfor.run" 
:947387:49581625:81055184:0:".C" "randomForest.default" "randomForest" "doTryCatch" "tryCatchOne" "tryCatchList" "tryCatch" "try" "rfor.run" 
:947387:49581625:81055184:0:".C" "randomForest.default" "randomForest" "doTryCatch" "tryCatchOne" "tryCatchList" "tryCatch" "try" "rfor.run" 
:947387:49581625:81055184:0:".C" "randomForest.default" "randomForest" "doTryCatch" "tryCatchOne" "tryCatchList" "tryCatch" "try" "rfor.run" 
:947387:49581625:81055184:0:".C" "randomForest.default" "randomForest" "doTryCatch" "tryCatchOne" "tryCatchList" "tryCatch" "try" "rfor.run" 
:947387:49581625:81055184:0:".C" "randomForest.default" "randomForest" "doTryCatch" "tryCatchOne" "tryCatchList" "tryCatch" "try" "rfor.run" 
:947387:49581625:81055184:0:".C" "randomForest.default" "randomForest" "doTryCatch" "tryCatchOne" "tryCatchList" "tryCatch" "try" "rfor.run" 
:947387:49581625:81055184:0:".C" "randomForest.default" "randomForest" "doTryCatch" "tryCatchOne" "tryCatchList" "tryCatch" "try" "rfor.run" 
:947387:49581625:81055184:0:".C" "randomForest.default" "randomForest" "doTryCatch" "tryCatchOne" "tryCatchList" "tryCatch" "try" "rfor.run" 
:947387:49581625:81055184:0:".C" "randomForest.default" "randomForest" "doTryCatch" "tryCatchOne" "tryCatchList" "tryCatch" "try" "rfor.run" 
:947387:49581625:81055184:0:".C" "randomForest.default" "randomForest" "doTryCatch" "tryCatchOne" "tryCatchList" "tryCatch" "try" "rfor.run" 
:947387:49581625:81055184:0:".C" "randomForest.default" "randomForest" "doTryCatch" "tryCatchOne" "tryCatchList" "tryCatch" "try" "rfor.run" 
:947387:49581625:81055184:0:".C" "randomForest.default" "randomForest" "doTryCatch" "tryCatchOne" "tryCatchList" "tryCatch" "try" "rfor.run" 
:947387:49581625:81055184:0:".C" "randomForest.default" "randomForest" "doTryCatch" "tryCatchOne" "tryCatchList" "tryCatch" "try" "rfor.run" 
:947387:49581625:81055184:0:".C" "randomForest.default" "randomForest" "doTryCatch" "tryCatchOne" "tryCatchList" "tryCatch" "try" "rfor.run" 
:947387:49581625:81055184:0:".C" "randomForest.default" "randomForest" "doTryCatch" "tryCatchOne" "tryCatchList" "tryCatch" "try" "rfor.run" 
:947387:49581625:81055184:0:".C" "randomForest.default" "randomForest" "doTryCatch" "tryCatchOne" "tryCatchList" "tryCatch" "try" "rfor.run" 
:947387:49581625:81055184:0:".C" "randomForest.default" "randomForest" "doTryCatch" "tryCatchOne" "tryCatchList" "tryCatch" "try" "rfor.run" 
:947387:49581625:81055184:0:".C" "randomForest.default" "randomForest" "doTryCatch" "tryCatchOne" "tryCatchList" "tryCatch" "try" "rfor.run" 
:947387:49581625:81055184:0:".C" "randomForest.default" "randomForest" "doTryCatch" "tryCatchOne" "tryCatchList" "tryCatch" "try" "rfor.run" 
:947387:49581625:81055184:0:".C" "randomForest.default" "randomForest" "doTryCatch" "tryCatchOne" "tryCatchList" "tryCatch" "try" "rfor.run" 
:947387:49581625:81055184:0:".C" "randomForest.default" "randomForest" "doTryCatch" "tryCatchOne" "tryCatchList" "tryCatch" "try" "rfor.run" 
:947387:49581625:81055184:0:".C" "randomForest.default" "randomForest" "doTryCatch" "tryCatchOne" "tryCatchList" "tryCatch" "try" "rfor.run" 
:947387:49581625:81055184:0:".C" "randomForest.default" "randomForest" "doTryCatch" "tryCatchOne" "tryCatchList" "tryCatch" "try" "rfor.run" 
:947387:49581625:81055184:0:".C" "randomForest.default" "randomForest" "doTryCatch" "tryCatchOne" "tryCatchList" "tryCatch" "try" "rfor.run" 
:947387:49581625:81055184:0:".C" "randomForest.default" "randomForest" "doTryCatch" "tryCatchOne" "tryCatchList" "tryCatch" "try" "rfor.run" 
:947387:49581625:81055184:0:".C" "randomForest.default" "randomForest" "doTryCatch" "tryCatchOne" "tryCatchList" "tryCatch" "try" "rfor.run" 
:947387:49581625:81055184:0:".C" "randomForest.default" "randomForest" "doTryCatch" "tryCatchOne" "tryCatchList" "tryCatch" "try" "rfor.run" 
:947387:49581625:81055184:0:".C" "randomForest.default" "randomForest" "doTryCatch" "tryCatchOne" "tryCatchList" "tryCatch" "try" "rfor.run" 
:947387:49581625:81055184:0:".C" "randomForest.default" "randomForest" "doTryCatch" "tryCatchOne" "tryCatchList" "tryCatch" "try" "rfor.run" 
:947387:49581625:81055184:0:".C" "randomForest.default" "randomForest" "doTryCatch" "tryCatchOne" "tryCatchList" "tryCatch" "try" "rfor.run" 
:947387:49581625:81055184:0:".C" "randomForest.default" "randomForest" "doTryCatch" "tryCatchOne" "tryCatchList" "tryCatch" "try" "rfor.run" 
:947387:49581625:81055184:0:".C" "randomForest.default" "randomForest" "doTryCatch" "tryCatchOne" "tryCatchList" "tryCatch" "try" "rfor.run" 
:947387:49581625:81055184:0:".C" "randomForest.default" "randomForest" "doTryCatch" "tryCatchOne" "tryCatchList" "tryCatch" "try" "rfor.run" 
:947387:49581625:81055184:0:".C" "randomForest.default" "randomForest" "doTryCatch" "tryCatchOne" "tryCatchList" "tryCatch" "try" "rfor.run" 
:947387:49581625:81055184:0:".C" "randomForest.default" "randomForest" "doTryCatch" "tryCatchOne" "tryCatchList" "tryCatch" "try" "rfor.run" 
:947387:49581625:81055184:0:".C" "randomForest.default" "randomForest" "doTryCatch" "tryCatchOne" "tryCatchList" "tryCatch" "try" "rfor.run" 
:947387:49581625:81055184:0:".C" "randomForest.default" "randomForest" "doTryCatch" "tryCatchOne" "tryCatchList" "tryCatch" "try" "rfor.run" 
:947387:49581625:81055184:0:".C" "randomForest.default" "randomForest" "doTryCatch" "tryCatchOne" "tryCatchList" "tryCatch" "try" "rfor.run" 
:947387:49581625:81055184:0:".C" "randomForest.default" "randomForest" "doTryCatch" "tryCatchOne" "tryCatchList" "tryCatch" "try" "rfor.run" 
:947387:49581625:81055184:0:".C" "randomForest.default" "randomForest" "doTryCatch" "tryCatchOne" "tryCatchList" "tryCatch" "try" "rfor.run" 
:947387:49581625:81055184:0:".C" "randomForest.default" "randomForest" "doTryCatch" "tryCatchOne" "tryCatchList" "tryCatch" "try" "rfor.run" 
:947387:49581625:81055184:0:".C" "randomForest.default" "randomForest" "doTryCatch" "tryCatchOne" "tryCatchList" "tryCatch" "try" "rfor.run" 
:947387:49581625:81055184:0:".C" "randomForest.default" "randomForest" "doTryCatch" "tryCatchOne" "tryCatchList" "tryCatch" "try" "rfor.run" 
:947387:49581625:81055184:0:".C" "randomForest.default" "randomForest" "doTryCatch" "tryCatchOne" "tryCatchList" "tryCatch" "try" "rfor.run" 
:947387:49581625:81055184:0:".C" "randomForest.default" "randomForest" "doTryCatch" "tryCatchOne" "tryCatchList" "tryCatch" "try" "rfor.run" 
:947387:49581625:81055184:0:".C" "randomForest.default" "randomForest" "doTryCatch" "tryCatchOne" "tryCatchList" "tryCatch" "try" "rfor.run" 
:947387:49581625:81055184:0:".C" "randomForest.default" "randomForest" "doTryCatch" "tryCatchOne" "tryCatchList" "tryCatch" "try" "rfor.run" 
:947387:49581625:81055184:0:".C" "randomForest.default" "randomForest" "doTryCatch" "tryCatchOne" "tryCatchList" "tryCatch" "try" "rfor.run" 
:947387:49581625:81055184:0:".C" "randomForest.default" "randomForest" "doTryCatch" "tryCatchOne" "tryCatchList" "tryCatch" "try" "rfor.run" 
:947387:49581625:81055184:0:".C" "randomForest.default" "randomForest" "doTryCatch" "tryCatchOne" "tryCatchList" "tryCatch" "try" "rfor.run" 
:947387:49581625:81055184:0:".C" "randomForest.default" "randomForest" "doTryCatch" "tryCatchOne" "tryCatchList" "tryCatch" "try" "rfor.run" 
:947387:49581625:81055184:0:".C" "randomForest.default" "randomForest" "doTryCatch" "tryCatchOne" "tryCatchList" "tryCatch" "try" "rfor.run" 
:947387:49581625:81055184:0:".C" "randomForest.default" "randomForest" "doTryCatch" "tryCatchOne" "tryCatchList" "tryCatch" "try" "rfor.run" 
:947387:49581625:81055184:0:".C" "randomForest.default" "randomForest" "doTryCatch" "tryCatchOne" "tryCatchList" "tryCatch" "try" "rfor.run" 
:947387:49581625:81055184:0:".C" "randomForest.default" "randomForest" "doTryCatch" "tryCatchOne" "tryCatchList" "tryCatch" "try" "rfor.run" 
:947387:49581625:81055184:0:".C" "randomForest.default" "randomForest" "doTryCatch" "tryCatchOne" "tryCatchList" "tryCatch" "try" "rfor.run" 
:947387:49581625:81055184:0:".C" "randomForest.default" "randomForest" "doTryCatch" "tryCatchOne" "tryCatchList" "tryCatch" "try" "rfor.run" 
:947387:49581625:81055184:0:".C" "randomForest.default" "randomForest" "doTryCatch" "tryCatchOne" "tryCatchList" "tryCatch" "try" "rfor.run" 
:947387:49581625:81055184:0:".C" "randomForest.default" "randomForest" "doTryCatch" "tryCatchOne" "tryCatchList" "tryCatch" "try" "rfor.run" 
:947387:49581625:81055184:0:".C" "randomForest.default" "randomForest" "doTryCatch" "tryCatchOne" "tryCatchList" "tryCatch" "try" "rfor.run" 
:947387:49581625:81055184:0:".C" "randomForest.default" "randomForest" "doTryCatch" "tryCatchOne" "tryCatchList" "tryCatch" "try" "rfor.run" 
:947387:49581625:81055184:0:".C" "randomForest.default" "randomForest" "doTryCatch" "tryCatchOne" "tryCatchList" "tryCatch" "try" "rfor.run" 
:947387:49581625:81055184:0:".C" "randomForest.default" "randomForest" "doTryCatch" "tryCatchOne" "tryCatchList" "tryCatch" "try" "rfor.run" 
:947387:49581625:81055184:0:".C" "randomForest.default" "randomForest" "doTryCatch" "tryCatchOne" "tryCatchList" "tryCatch" "try" "rfor.run" 
:947387:49581625:81055184:0:".C" "randomForest.default" "randomForest" "doTryCatch" "tryCatchOne" "tryCatchList" "tryCatch" "try" "rfor.run" 
:947387:49581625:81055184:0:".C" "randomForest.default" "randomForest" "doTryCatch" "tryCatchOne" "tryCatchList" "tryCatch" "try" "rfor.run" 
:947387:49581625:81055184:0:".C" "randomForest.default" "randomForest" "doTryCatch" "tryCatchOne" "tryCatchList" "tryCatch" "try" "rfor.run" 
:947387:49581625:81055184:0:".C" "randomForest.default" "randomForest" "doTryCatch" "tryCatchOne" "tryCatchList" "tryCatch" "try" "rfor.run" 
:947387:49581625:81055184:0:".C" "randomForest.default" "randomForest" "doTryCatch" "tryCatchOne" "tryCatchList" "tryCatch" "try" "rfor.run" 
:947387:49581625:81055184:0:".C" "randomForest.default" "randomForest" "doTryCatch" "tryCatchOne" "tryCatchList" "tryCatch" "try" "rfor.run" 
:947387:49581625:81055184:0:".C" "randomForest.default" "randomForest" "doTryCatch" "tryCatchOne" "tryCatchList" "tryCatch" "try" "rfor.run" 
:947387:49581625:81055184:0:".C" "randomForest.default" "randomForest" "doTryCatch" "tryCatchOne" "tryCatchList" "tryCatch" "try" "rfor.run" 
:947387:49581625:81055184:0:".C" "randomForest.default" "randomForest" "doTryCatch" "tryCatchOne" "tryCatchList" "tryCatch" "try" "rfor.run" 
:947387:49581625:81055184:0:".C" "randomForest.default" "randomForest" "doTryCatch" "tryCatchOne" "tryCatchList" "tryCatch" "try" "rfor.run" 
:947387:49581625:81055184:0:".C" "randomForest.default" "randomForest" "doTryCatch" "tryCatchOne" "tryCatchList" "tryCatch" "try" "rfor.run" 
:947387:49581625:81055184:0:".C" "randomForest.default" "randomForest" "doTryCatch" "tryCatchOne" "tryCatchList" "tryCatch" "try" "rfor.run" 
:947387:49581625:81055184:0:".C" "randomForest.default" "randomForest" "doTryCatch" "tryCatchOne" "tryCatchList" "tryCatch" "try" "rfor.run" 
:947387:49581625:81055184:0:".C" "randomForest.default" "randomForest" "doTryCatch" "tryCatchOne" "tryCatchList" "tryCatch" "try" "rfor.run" 
:947387:49581625:81055184:0:".C" "randomForest.default" "randomForest" "doTryCatch" "tryCatchOne" "tryCatchList" "tryCatch" "try" "rfor.run" 
:947387:49581625:81055184:0:".C" "randomForest.default" "randomForest" "doTryCatch" "tryCatchOne" "tryCatchList" "tryCatch" "try" "rfor.run" 
:947387:49581625:81055184:0:".C" "randomForest.default" "randomForest" "doTryCatch" "tryCatchOne" "tryCatchList" "tryCatch" "try" "rfor.run" 
:947387:49581625:81055184:0:".C" "randomForest.default" "randomForest" "doTryCatch" "tryCatchOne" "tryCatchList" "tryCatch" "try" "rfor.run" 
:947387:49581625:81055184:0:".C" "randomForest.default" "randomForest" "doTryCatch" "tryCatchOne" "tryCatchList" "tryCatch" "try" "rfor.run" 
:947387:49581625:81055184:0:".C" "randomForest.default" "randomForest" "doTryCatch" "tryCatchOne" "tryCatchList" "tryCatch" "try" "rfor.run" 
:947387:49581625:81055184:0:".C" "randomForest.default" "randomForest" "doTryCatch" "tryCatchOne" "tryCatchList" "tryCatch" "try" "rfor.run" 
:947387:49581625:81055184:0:".C" "randomForest.default" "randomForest" "doTryCatch" "tryCatchOne" "tryCatchList" "tryCatch" "try" "rfor.run" 
:947387:49581625:81055184:0:".C" "randomForest.default" "randomForest" "doTryCatch" "tryCatchOne" "tryCatchList" "tryCatch" "try" "rfor.run" 
:947387:49581625:81055184:0:".C" "randomForest.default" "randomForest" "doTryCatch" "tryCatchOne" "tryCatchList" "tryCatch" "try" "rfor.run" 
:947387:49581625:81055184:0:".C" "randomForest.default" "randomForest" "doTryCatch" "tryCatchOne" "tryCatchList" "tryCatch" "try" "rfor.run" 
:947387:49581625:81055184:0:".C" "randomForest.default" "randomForest" "doTryCatch" "tryCatchOne" "tryCatchList" "tryCatch" "try" "rfor.run" 
:947387:49581625:81055184:0:".C" "randomForest.default" "randomForest" "doTryCatch" "tryCatchOne" "tryCatchList" "tryCatch" "try" "rfor.run" 
:947387:49581625:81055184:0:".C" "randomForest.default" "randomForest" "doTryCatch" "tryCatchOne" "tryCatchList" "tryCatch" "try" "rfor.run" 
:947387:49581625:81055184:0:".C" "randomForest.default" "randomForest" "doTryCatch" "tryCatchOne" "tryCatchList" "tryCatch" "try" "rfor.run" 
:947387:49581625:81055184:0:".C" "randomForest.default" "randomForest" "doTryCatch" "tryCatchOne" "tryCatchList" "tryCatch" "try" "rfor.run" 
:947387:49581625:81055184:0:".C" "randomForest.default" "randomForest" "doTryCatch" "tryCatchOne" "tryCatchList" "tryCatch" "try" "rfor.run" 
:947387:49581625:81055184:0:".C" "randomForest.default" "randomForest" "doTryCatch" "tryCatchOne" "tryCatchList" "tryCatch" "try" "rfor.run" 
:947387:49581625:81055184:0:".C" "randomForest.default" "randomForest" "doTryCatch" "tryCatchOne" "tryCatchList" "tryCatch" "try" "rfor.run" 
:947387:49581625:81055184:0:".C" "randomForest.default" "randomForest" "doTryCatch" "tryCatchOne" "tryCatchList" "tryCatch" "try" "rfor.run" 
:947387:49581625:81055184:0:".C" "randomForest.default" "randomForest" "doTryCatch" "tryCatchOne" "tryCatchList" "tryCatch" "try" "rfor.run" 
:947387:49581625:81055184:0:".C" "randomForest.default" "randomForest" "doTryCatch" "tryCatchOne" "tryCatchList" "tryCatch" "try" "rfor.run" 
:947387:49581625:81055184:0:".C" "randomForest.default" "randomForest" "doTryCatch" "tryCatchOne" "tryCatchList" "tryCatch" "try" "rfor.run" 
:947387:49581625:81055184:0:".C" "randomForest.default" "randomForest" "doTryCatch" "tryCatchOne" "tryCatchList" "tryCatch" "try" "rfor.run" 
:947387:49581625:81055184:0:".C" "randomForest.default" "randomForest" "doTryCatch" "tryCatchOne" "tryCatchList" "tryCatch" "try" "rfor.run" 
:947387:49581625:81055184:0:".C" "randomForest.default" "randomForest" "doTryCatch" "tryCatchOne" "tryCatchList" "tryCatch" "try" "rfor.run" 
:947387:49581625:81055184:0:".C" "randomForest.default" "randomForest" "doTryCatch" "tryCatchOne" "tryCatchList" "tryCatch" "try" "rfor.run" 
:947387:49581625:81055184:0:".C" "randomForest.default" "randomForest" "doTryCatch" "tryCatchOne" "tryCatchList" "tryCatch" "try" "rfor.run" 
:947387:49581625:81055184:0:".C" "randomForest.default" "randomForest" "doTryCatch" "tryCatchOne" "tryCatchList" "tryCatch" "try" "rfor.run" 
:947387:49581625:81055184:0:".C" "randomForest.default" "randomForest" "doTryCatch" "tryCatchOne" "tryCatchList" "tryCatch" "try" "rfor.run" 
:947387:49581625:81055184:0:".C" "randomForest.default" "randomForest" "doTryCatch" "tryCatchOne" "tryCatchList" "tryCatch" "try" "rfor.run" 
:947387:49581625:81055184:0:".C" "randomForest.default" "randomForest" "doTryCatch" "tryCatchOne" "tryCatchList" "tryCatch" "try" "rfor.run" 
:947387:49581625:81055184:0:".C" "randomForest.default" "randomForest" "doTryCatch" "tryCatchOne" "tryCatchList" "tryCatch" "try" "rfor.run" 
:947387:49581625:81055184:0:".C" "randomForest.default" "randomForest" "doTryCatch" "tryCatchOne" "tryCatchList" "tryCatch" "try" "rfor.run" 
:947387:49581625:81055184:0:".C" "randomForest.default" "randomForest" "doTryCatch" "tryCatchOne" "tryCatchList" "tryCatch" "try" "rfor.run" 
:947387:49581625:81055184:0:".C" "randomForest.default" "randomForest" "doTryCatch" "tryCatchOne" "tryCatchList" "tryCatch" "try" "rfor.run" 
:947387:49581625:81055184:0:".C" "randomForest.default" "randomForest" "doTryCatch" "tryCatchOne" "tryCatchList" "tryCatch" "try" "rfor.run" 
:947387:49581625:81055184:0:".C" "randomForest.default" "randomForest" "doTryCatch" "tryCatchOne" "tryCatchList" "tryCatch" "try" "rfor.run" 
:947387:49581625:81055184:0:".C" "randomForest.default" "randomForest" "doTryCatch" "tryCatchOne" "tryCatchList" "tryCatch" "try" "rfor.run" 
:947387:49581625:81055184:0:".C" "randomForest.default" "randomForest" "doTryCatch" "tryCatchOne" "tryCatchList" "tryCatch" "try" "rfor.run" 
:947387:49581625:81055184:0:".C" "randomForest.default" "randomForest" "doTryCatch" "tryCatchOne" "tryCatchList" "tryCatch" "try" "rfor.run" 
:947387:49581625:81055184:0:".C" "randomForest.default" "randomForest" "doTryCatch" "tryCatchOne" "tryCatchList" "tryCatch" "try" "rfor.run" 
:947387:49581625:81055184:0:".C" "randomForest.default" "randomForest" "doTryCatch" "tryCatchOne" "tryCatchList" "tryCatch" "try" "rfor.run" 
:947387:49581625:81055184:0:".C" "randomForest.default" "randomForest" "doTryCatch" "tryCatchOne" "tryCatchList" "tryCatch" "try" "rfor.run" 
:947387:49581625:81055184:0:".C" "randomForest.default" "randomForest" "doTryCatch" "tryCatchOne" "tryCatchList" "tryCatch" "try" "rfor.run" 
:947387:49581625:81055184:0:".C" "randomForest.default" "randomForest" "doTryCatch" "tryCatchOne" "tryCatchList" "tryCatch" "try" "rfor.run" 
:947387:49581625:81055184:0:".C" "randomForest.default" "randomForest" "doTryCatch" "tryCatchOne" "tryCatchList" "tryCatch" "try" "rfor.run" 
:947387:49581625:81055184:0:".C" "randomForest.default" "randomForest" "doTryCatch" "tryCatchOne" "tryCatchList" "tryCatch" "try" "rfor.run" 
:947387:49581625:81055184:0:".C" "randomForest.default" "randomForest" "doTryCatch" "tryCatchOne" "tryCatchList" "tryCatch" "try" "rfor.run" 
:947387:49581625:81055184:0:".C" "randomForest.default" "randomForest" "doTryCatch" "tryCatchOne" "tryCatchList" "tryCatch" "try" "rfor.run" 
:947387:49581625:81055184:0:".C" "randomForest.default" "randomForest" "doTryCatch" "tryCatchOne" "tryCatchList" "tryCatch" "try" "rfor.run" 
:947387:49581625:81055184:0:".C" "randomForest.default" "randomForest" "doTryCatch" "tryCatchOne" "tryCatchList" "tryCatch" "try" "rfor.run" 
:947387:49581625:81055184:0:".C" "randomForest.default" "randomForest" "doTryCatch" "tryCatchOne" "tryCatchList" "tryCatch" "try" "rfor.run" 
:947387:49581625:81055184:0:".C" "randomForest.default" "randomForest" "doTryCatch" "tryCatchOne" "tryCatchList" "tryCatch" "try" "rfor.run" 
:947387:49581625:81055184:0:".C" "randomForest.default" "randomForest" "doTryCatch" "tryCatchOne" "tryCatchList" "tryCatch" "try" "rfor.run" 
:947387:49581625:81055184:0:".C" "randomForest.default" "randomForest" "doTryCatch" "tryCatchOne" "tryCatchList" "tryCatch" "try" "rfor.run" 
:947387:49581625:81055184:0:".C" "randomForest.default" "randomForest" "doTryCatch" "tryCatchOne" "tryCatchList" "tryCatch" "try" "rfor.run" 
:947387:49581625:81055184:0:".C" "randomForest.default" "randomForest" "doTryCatch" "tryCatchOne" "tryCatchList" "tryCatch" "try" "rfor.run" 
:947387:49581625:81055184:0:".C" "randomForest.default" "randomForest" "doTryCatch" "tryCatchOne" "tryCatchList" "tryCatch" "try" "rfor.run" 
:947387:49581625:81055184:0:".C" "randomForest.default" "randomForest" "doTryCatch" "tryCatchOne" "tryCatchList" "tryCatch" "try" "rfor.run" 
:947387:49581625:81055184:0:".C" "randomForest.default" "randomForest" "doTryCatch" "tryCatchOne" "tryCatchList" "tryCatch" "try" "rfor.run" 
:947387:49581625:81055184:0:".C" "randomForest.default" "randomForest" "doTryCatch" "tryCatchOne" "tryCatchList" "tryCatch" "try" "rfor.run" 
:947387:49581625:81055184:0:".C" "randomForest.default" "randomForest" "doTryCatch" "tryCatchOne" "tryCatchList" "tryCatch" "try" "rfor.run" 
:947387:49581625:81055184:0:".C" "randomForest.default" "randomForest" "doTryCatch" "tryCatchOne" "tryCatchList" "tryCatch" "try" "rfor.run" 
:947387:49581625:81055184:0:".C" "randomForest.default" "randomForest" "doTryCatch" "tryCatchOne" "tryCatchList" "tryCatch" "try" "rfor.run" 
:947387:49581625:81055184:0:".C" "randomForest.default" "randomForest" "doTryCatch" "tryCatchOne" "tryCatchList" "tryCatch" "try" "rfor.run" 
:947387:49581625:81055184:0:".C" "randomForest.default" "randomForest" "doTryCatch" "tryCatchOne" "tryCatchList" "tryCatch" "try" "rfor.run" 
:947387:49581625:81055184:0:".C" "randomForest.default" "randomForest" "doTryCatch" "tryCatchOne" "tryCatchList" "tryCatch" "try" "rfor.run" 
:947387:49581625:81055184:0:".C" "randomForest.default" "randomForest" "doTryCatch" "tryCatchOne" "tryCatchList" "tryCatch" "try" "rfor.run" 
:947387:49581625:81055184:0:".C" "randomForest.default" "randomForest" "doTryCatch" "tryCatchOne" "tryCatchList" "tryCatch" "try" "rfor.run" 
:947387:49581625:81055184:0:".C" "randomForest.default" "randomForest" "doTryCatch" "tryCatchOne" "tryCatchList" "tryCatch" "try" "rfor.run" 
:947387:49581625:81055184:0:".C" "randomForest.default" "randomForest" "doTryCatch" "tryCatchOne" "tryCatchList" "tryCatch" "try" "rfor.run" 
:947387:49581625:81055184:0:".C" "randomForest.default" "randomForest" "doTryCatch" "tryCatchOne" "tryCatchList" "tryCatch" "try" "rfor.run" 
:947387:49581625:81055184:0:".C" "randomForest.default" "randomForest" "doTryCatch" "tryCatchOne" "tryCatchList" "tryCatch" "try" "rfor.run" 
:947387:49581625:81055184:0:".C" "randomForest.default" "randomForest" "doTryCatch" "tryCatchOne" "tryCatchList" "tryCatch" "try" "rfor.run" 
:947387:49581625:81055184:0:".C" "randomForest.default" "randomForest" "doTryCatch" "tryCatchOne" "tryCatchList" "tryCatch" "try" "rfor.run" 
:947387:49581625:81055184:0:".C" "randomForest.default" "randomForest" "doTryCatch" "tryCatchOne" "tryCatchList" "tryCatch" "try" "rfor.run" 
:947387:49581625:81055184:0:".C" "randomForest.default" "randomForest" "doTryCatch" "tryCatchOne" "tryCatchList" "tryCatch" "try" "rfor.run" 
:947387:49581625:81055184:0:".C" "randomForest.default" "randomForest" "doTryCatch" "tryCatchOne" "tryCatchList" "tryCatch" "try" "rfor.run" 
:947387:49581625:81055184:0:".C" "randomForest.default" "randomForest" "doTryCatch" "tryCatchOne" "tryCatchList" "tryCatch" "try" "rfor.run" 
:947387:49581625:81055184:0:".C" "randomForest.default" "randomForest" "doTryCatch" "tryCatchOne" "tryCatchList" "tryCatch" "try" "rfor.run" 
:947387:49581625:81055184:0:".C" "randomForest.default" "randomForest" "doTryCatch" "tryCatchOne" "tryCatchList" "tryCatch" "try" "rfor.run" 
:947387:49581625:81055184:0:".C" "randomForest.default" "randomForest" "doTryCatch" "tryCatchOne" "tryCatchList" "tryCatch" "try" "rfor.run" 
:947387:49581625:81055184:0:".C" "randomForest.default" "randomForest" "doTryCatch" "tryCatchOne" "tryCatchList" "tryCatch" "try" "rfor.run" 
:947387:49581625:81055184:0:".C" "randomForest.default" "randomForest" "doTryCatch" "tryCatchOne" "tryCatchList" "tryCatch" "try" "rfor.run" 
:947387:49581625:81055184:0:".C" "randomForest.default" "randomForest" "doTryCatch" "tryCatchOne" "tryCatchList" "tryCatch" "try" "rfor.run" 
:947387:49581625:81055184:0:".C" "randomForest.default" "randomForest" "doTryCatch" "tryCatchOne" "tryCatchList" "tryCatch" "try" "rfor.run" 
:947387:49581625:81055184:0:".C" "randomForest.default" "randomForest" "doTryCatch" "tryCatchOne" "tryCatchList" "tryCatch" "try" "rfor.run" 
:947387:49581625:81055184:0:".C" "randomForest.default" "randomForest" "doTryCatch" "tryCatchOne" "tryCatchList" "tryCatch" "try" "rfor.run" 
:947387:49581625:81055184:0:".C" "randomForest.default" "randomForest" "doTryCatch" "tryCatchOne" "tryCatchList" "tryCatch" "try" "rfor.run" 
:947387:49581625:81055184:0:".C" "randomForest.default" "randomForest" "doTryCatch" "tryCatchOne" "tryCatchList" "tryCatch" "try" "rfor.run" 
:947387:49581625:81055184:0:".C" "randomForest.default" "randomForest" "doTryCatch" "tryCatchOne" "tryCatchList" "tryCatch" "try" "rfor.run" 
:947387:49581625:81055184:0:".C" "randomForest.default" "randomForest" "doTryCatch" "tryCatchOne" "tryCatchList" "tryCatch" "try" "rfor.run" 
:947387:49581625:81055184:0:".C" "randomForest.default" "randomForest" "doTryCatch" "tryCatchOne" "tryCatchList" "tryCatch" "try" "rfor.run" 
:947387:49581625:81055184:0:".C" "randomForest.default" "randomForest" "doTryCatch" "tryCatchOne" "tryCatchList" "tryCatch" "try" "rfor.run" 
:947387:49581625:81055184:0:".C" "randomForest.default" "randomForest" "doTryCatch" "tryCatchOne" "tryCatchList" "tryCatch" "try" "rfor.run" 
:947387:49581625:81055184:0:".C" "randomForest.default" "randomForest" "doTryCatch" "tryCatchOne" "tryCatchList" "tryCatch" "try" "rfor.run" 
:947387:49581625:81055184:0:".C" "randomForest.default" "randomForest" "doTryCatch" "tryCatchOne" "tryCatchList" "tryCatch" "try" "rfor.run" 
:947387:49581625:81055184:0:".C" "randomForest.default" "randomForest" "doTryCatch" "tryCatchOne" "tryCatchList" "tryCatch" "try" "rfor.run" 
:947387:49581625:81055184:0:".C" "randomForest.default" "randomForest" "doTryCatch" "tryCatchOne" "tryCatchList" "tryCatch" "try" "rfor.run" 
:947387:49581625:81055184:0:".C" "randomForest.default" "randomForest" "doTryCatch" "tryCatchOne" "tryCatchList" "tryCatch" "try" "rfor.run" 
:947387:49581625:81055184:0:".C" "randomForest.default" "randomForest" "doTryCatch" "tryCatchOne" "tryCatchList" "tryCatch" "try" "rfor.run" 
:947387:49581625:81055184:0:".C" "randomForest.default" "randomForest" "doTryCatch" "tryCatchOne" "tryCatchList" "tryCatch" "try" "rfor.run" 
:947387:49581625:81055184:0:".C" "randomForest.default" "randomForest" "doTryCatch" "tryCatchOne" "tryCatchList" "tryCatch" "try" "rfor.run" 
:947387:49581625:81055184:0:".C" "randomForest.default" "randomForest" "doTryCatch" "tryCatchOne" "tryCatchList" "tryCatch" "try" "rfor.run" 
:947387:49581625:81055184:0:".C" "randomForest.default" "randomForest" "doTryCatch" "tryCatchOne" "tryCatchList" "tryCatch" "try" "rfor.run" 
:947387:49581625:81055184:0:".C" "randomForest.default" "randomForest" "doTryCatch" "tryCatchOne" "tryCatchList" "tryCatch" "try" "rfor.run" 
:947387:49581625:81055184:0:".C" "randomForest.default" "randomForest" "doTryCatch" "tryCatchOne" "tryCatchList" "tryCatch" "try" "rfor.run" 
:947387:49581625:81055184:0:".C" "randomForest.default" "randomForest" "doTryCatch" "tryCatchOne" "tryCatchList" "tryCatch" "try" "rfor.run" 
:947387:49581625:81055184:0:".C" "randomForest.default" "randomForest" "doTryCatch" "tryCatchOne" "tryCatchList" "tryCatch" "try" "rfor.run" 
:947387:49581625:81055184:0:".C" "randomForest.default" "randomForest" "doTryCatch" "tryCatchOne" "tryCatchList" "tryCatch" "try" "rfor.run" 
:947387:49581625:81055184:0:".C" "randomForest.default" "randomForest" "doTryCatch" "tryCatchOne" "tryCatchList" "tryCatch" "try" "rfor.run" 
:947387:49581625:81055184:0:".C" "randomForest.default" "randomForest" "doTryCatch" "tryCatchOne" "tryCatchList" "tryCatch" "try" "rfor.run" 
:947387:49581625:81055184:0:".C" "randomForest.default" "randomForest" "doTryCatch" "tryCatchOne" "tryCatchList" "tryCatch" "try" "rfor.run" 
:947387:49581625:81055184:0:".C" "randomForest.default" "randomForest" "doTryCatch" "tryCatchOne" "tryCatchList" "tryCatch" "try" "rfor.run" 
:947387:49581625:81055184:0:".C" "randomForest.default" "randomForest" "doTryCatch" "tryCatchOne" "tryCatchList" "tryCatch" "try" "rfor.run" 
:947387:49581625:81055184:0:".C" "randomForest.default" "randomForest" "doTryCatch" "tryCatchOne" "tryCatchList" "tryCatch" "try" "rfor.run" 
:947387:49581625:81055184:0:".C" "randomForest.default" "randomForest" "doTryCatch" "tryCatchOne" "tryCatchList" "tryCatch" "try" "rfor.run" 
:947387:49581625:81055184:0:".C" "randomForest.default" "randomForest" "doTryCatch" "tryCatchOne" "tryCatchList" "tryCatch" "try" "rfor.run" 
:947387:49581625:81055184:0:".C" "randomForest.default" "randomForest" "doTryCatch" "tryCatchOne" "tryCatchList" "tryCatch" "try" "rfor.run" 
:947387:49581625:81055184:0:".C" "randomForest.default" "randomForest" "doTryCatch" "tryCatchOne" "tryCatchList" "tryCatch" "try" "rfor.run" 
:947387:49581625:81055184:0:".C" "randomForest.default" "randomForest" "doTryCatch" "tryCatchOne" "tryCatchList" "tryCatch" "try" "rfor.run" 
:947387:49581625:81055184:0:".C" "randomForest.default" "randomForest" "doTryCatch" "tryCatchOne" "tryCatchList" "tryCatch" "try" "rfor.run" 
:947387:49581625:81055184:0:".C" "randomForest.default" "randomForest" "doTryCatch" "tryCatchOne" "tryCatchList" "tryCatch" "try" "rfor.run" 
:947387:49581625:81055184:0:".C" "randomForest.default" "randomForest" "doTryCatch" "tryCatchOne" "tryCatchList" "tryCatch" "try" "rfor.run" 
:947387:49581625:81055184:0:".C" "randomForest.default" "randomForest" "doTryCatch" "tryCatchOne" "tryCatchList" "tryCatch" "try" "rfor.run" 
:947387:49581625:81055184:0:".C" "randomForest.default" "randomForest" "doTryCatch" "tryCatchOne" "tryCatchList" "tryCatch" "try" "rfor.run" 
:947387:49581625:81055184:0:".C" "randomForest.default" "randomForest" "doTryCatch" "tryCatchOne" "tryCatchList" "tryCatch" "try" "rfor.run" 
:947387:49581625:81055184:0:".C" "randomForest.default" "randomForest" "doTryCatch" "tryCatchOne" "tryCatchList" "tryCatch" "try" "rfor.run" 
:947387:49581625:81055184:0:".C" "randomForest.default" "randomForest" "doTryCatch" "tryCatchOne" "tryCatchList" "tryCatch" "try" "rfor.run" 
:947387:49581625:81055184:0:".C" "randomForest.default" "randomForest" "doTryCatch" "tryCatchOne" "tryCatchList" "tryCatch" "try" "rfor.run" 
:947387:49581625:81055184:0:".C" "randomForest.default" "randomForest" "doTryCatch" "tryCatchOne" "tryCatchList" "tryCatch" "try" "rfor.run" 
:947387:49581625:81055184:0:".C" "randomForest.default" "randomForest" "doTryCatch" "tryCatchOne" "tryCatchList" "tryCatch" "try" "rfor.run" 
:947387:49581625:81055184:0:".C" "randomForest.default" "randomForest" "doTryCatch" "tryCatchOne" "tryCatchList" "tryCatch" "try" "rfor.run" 
:947387:49581625:81055184:0:".C" "randomForest.default" "randomForest" "doTryCatch" "tryCatchOne" "tryCatchList" "tryCatch" "try" "rfor.run" 
:947387:49581625:81055184:0:".C" "randomForest.default" "randomForest" "doTryCatch" "tryCatchOne" "tryCatchList" "tryCatch" "try" "rfor.run" 
:947387:49581625:81055184:0:".C" "randomForest.default" "randomForest" "doTryCatch" "tryCatchOne" "tryCatchList" "tryCatch" "try" "rfor.run" 
:947387:49581625:81055184:0:".C" "randomForest.default" "randomForest" "doTryCatch" "tryCatchOne" "tryCatchList" "tryCatch" "try" "rfor.run" 
:947387:49581625:81055184:0:".C" "randomForest.default" "randomForest" "doTryCatch" "tryCatchOne" "tryCatchList" "tryCatch" "try" "rfor.run" 
:947387:49581625:81055184:0:".C" "randomForest.default" "randomForest" "doTryCatch" "tryCatchOne" "tryCatchList" "tryCatch" "try" "rfor.run" 
:947387:49581625:81055184:0:".C" "randomForest.default" "randomForest" "doTryCatch" "tryCatchOne" "tryCatchList" "tryCatch" "try" "rfor.run" 
:947387:49581625:81055184:0:".C" "randomForest.default" "randomForest" "doTryCatch" "tryCatchOne" "tryCatchList" "tryCatch" "try" "rfor.run" 
:947387:49581625:81055184:0:".C" "randomForest.default" "randomForest" "doTryCatch" "tryCatchOne" "tryCatchList" "tryCatch" "try" "rfor.run" 
:947387:49581625:81055184:0:".C" "randomForest.default" "randomForest" "doTryCatch" "tryCatchOne" "tryCatchList" "tryCatch" "try" "rfor.run" 
:947387:49581625:81055184:0:".C" "randomForest.default" "randomForest" "doTryCatch" "tryCatchOne" "tryCatchList" "tryCatch" "try" "rfor.run" 
:947387:49581625:81055184:0:".C" "randomForest.default" "randomForest" "doTryCatch" "tryCatchOne" "tryCatchList" "tryCatch" "try" "rfor.run" 
:947387:49581625:81055184:0:".C" "randomForest.default" "randomForest" "doTryCatch" "tryCatchOne" "tryCatchList" "tryCatch" "try" "rfor.run" 
:947387:49581625:81055184:0:".C" "randomForest.default" "randomForest" "doTryCatch" "tryCatchOne" "tryCatchList" "tryCatch" "try" "rfor.run" 
:947387:49581625:81055184:0:".C" "randomForest.default" "randomForest" "doTryCatch" "tryCatchOne" "tryCatchList" "tryCatch" "try" "rfor.run" 
:947387:49581625:81055184:0:".C" "randomForest.default" "randomForest" "doTryCatch" "tryCatchOne" "tryCatchList" "tryCatch" "try" "rfor.run" 
:947387:49581625:81055184:0:".C" "randomForest.default" "randomForest" "doTryCatch" "tryCatchOne" "tryCatchList" "tryCatch" "try" "rfor.run" 
:947387:49581625:81055184:0:".C" "randomForest.default" "randomForest" "doTryCatch" "tryCatchOne" "tryCatchList" "tryCatch" "try" "rfor.run" 
:947387:49581625:81055184:0:".C" "randomForest.default" "randomForest" "doTryCatch" "tryCatchOne" "tryCatchList" "tryCatch" "try" "rfor.run" 
:947387:49581625:81055184:0:".C" "randomForest.default" "randomForest" "doTryCatch" "tryCatchOne" "tryCatchList" "tryCatch" "try" "rfor.run" 
:947387:49581625:81055184:0:".C" "randomForest.default" "randomForest" "doTryCatch" "tryCatchOne" "tryCatchList" "tryCatch" "try" "rfor.run" 
:947387:49581625:81055184:0:".C" "randomForest.default" "randomForest" "doTryCatch" "tryCatchOne" "tryCatchList" "tryCatch" "try" "rfor.run" 
:947387:49581625:81055184:0:".C" "randomForest.default" "randomForest" "doTryCatch" "tryCatchOne" "tryCatchList" "tryCatch" "try" "rfor.run" 
:947387:49581625:81055184:0:".C" "randomForest.default" "randomForest" "doTryCatch" "tryCatchOne" "tryCatchList" "tryCatch" "try" "rfor.run" 
:947387:49581625:81055184:0:".C" "randomForest.default" "randomForest" "doTryCatch" "tryCatchOne" "tryCatchList" "tryCatch" "try" "rfor.run" 
:947387:49581625:81055184:0:".C" "randomForest.default" "randomForest" "doTryCatch" "tryCatchOne" "tryCatchList" "tryCatch" "try" "rfor.run" 
:947387:49581625:81055184:0:".C" "randomForest.default" "randomForest" "doTryCatch" "tryCatchOne" "tryCatchList" "tryCatch" "try" "rfor.run" 
:947387:49581625:81055184:0:".C" "randomForest.default" "randomForest" "doTryCatch" "tryCatchOne" "tryCatchList" "tryCatch" "try" "rfor.run" 
:947387:49581625:81055184:0:".C" "randomForest.default" "randomForest" "doTryCatch" "tryCatchOne" "tryCatchList" "tryCatch" "try" "rfor.run" 
:947387:49581625:81055184:0:".C" "randomForest.default" "randomForest" "doTryCatch" "tryCatchOne" "tryCatchList" "tryCatch" "try" "rfor.run" 
:947387:49581625:81055184:0:".C" "randomForest.default" "randomForest" "doTryCatch" "tryCatchOne" "tryCatchList" "tryCatch" "try" "rfor.run" 
:947387:49581625:81055184:0:".C" "randomForest.default" "randomForest" "doTryCatch" "tryCatchOne" "tryCatchList" "tryCatch" "try" "rfor.run" 
:947387:49581625:81055184:0:".C" "randomForest.default" "randomForest" "doTryCatch" "tryCatchOne" "tryCatchList" "tryCatch" "try" "rfor.run" 
:947387:49581625:81055184:0:".C" "randomForest.default" "randomForest" "doTryCatch" "tryCatchOne" "tryCatchList" "tryCatch" "try" "rfor.run" 
:947387:49581625:81055184:0:".C" "randomForest.default" "randomForest" "doTryCatch" "tryCatchOne" "tryCatchList" "tryCatch" "try" "rfor.run" 
:947387:49581625:81055184:0:".C" "randomForest.default" "randomForest" "doTryCatch" "tryCatchOne" "tryCatchList" "tryCatch" "try" "rfor.run" 
:947387:49581625:81055184:0:".C" "randomForest.default" "randomForest" "doTryCatch" "tryCatchOne" "tryCatchList" "tryCatch" "try" "rfor.run" 
:947387:49581625:81055184:0:".C" "randomForest.default" "randomForest" "doTryCatch" "tryCatchOne" "tryCatchList" "tryCatch" "try" "rfor.run" 
:947387:49581625:81055184:0:".C" "randomForest.default" "randomForest" "doTryCatch" "tryCatchOne" "tryCatchList" "tryCatch" "try" "rfor.run" 
:947387:49581625:81055184:0:".C" "randomForest.default" "randomForest" "doTryCatch" "tryCatchOne" "tryCatchList" "tryCatch" "try" "rfor.run" 
:947387:49581625:81055184:0:".C" "randomForest.default" "randomForest" "doTryCatch" "tryCatchOne" "tryCatchList" "tryCatch" "try" "rfor.run" 
:947387:49581625:81055184:0:".C" "randomForest.default" "randomForest" "doTryCatch" "tryCatchOne" "tryCatchList" "tryCatch" "try" "rfor.run" 
:947387:49581625:81055184:0:".C" "randomForest.default" "randomForest" "doTryCatch" "tryCatchOne" "tryCatchList" "tryCatch" "try" "rfor.run" 
:947387:49581625:81055184:0:".C" "randomForest.default" "randomForest" "doTryCatch" "tryCatchOne" "tryCatchList" "tryCatch" "try" "rfor.run" 
:947387:49581625:81055184:0:".C" "randomForest.default" "randomForest" "doTryCatch" "tryCatchOne" "tryCatchList" "tryCatch" "try" "rfor.run" 
:947387:49581625:81055184:0:".C" "randomForest.default" "randomForest" "doTryCatch" "tryCatchOne" "tryCatchList" "tryCatch" "try" "rfor.run" 
:947387:49581625:81055184:0:".C" "randomForest.default" "randomForest" "doTryCatch" "tryCatchOne" "tryCatchList" "tryCatch" "try" "rfor.run" 
:947387:49581625:81055184:0:".C" "randomForest.default" "randomForest" "doTryCatch" "tryCatchOne" "tryCatchList" "tryCatch" "try" "rfor.run" 
:947387:49581625:81055184:0:".C" "randomForest.default" "randomForest" "doTryCatch" "tryCatchOne" "tryCatchList" "tryCatch" "try" "rfor.run" 
:947387:49581625:81055184:0:".C" "randomForest.default" "randomForest" "doTryCatch" "tryCatchOne" "tryCatchList" "tryCatch" "try" "rfor.run" 
:947387:49581625:81055184:0:".C" "randomForest.default" "randomForest" "doTryCatch" "tryCatchOne" "tryCatchList" "tryCatch" "try" "rfor.run" 
:947387:49581625:81055184:0:".C" "randomForest.default" "randomForest" "doTryCatch" "tryCatchOne" "tryCatchList" "tryCatch" "try" "rfor.run" 
:947387:49581625:81055184:0:".C" "randomForest.default" "randomForest" "doTryCatch" "tryCatchOne" "tryCatchList" "tryCatch" "try" "rfor.run" 
:947387:49581625:81055184:0:".C" "randomForest.default" "randomForest" "doTryCatch" "tryCatchOne" "tryCatchList" "tryCatch" "try" "rfor.run" 
:947387:49581625:81055184:0:".C" "randomForest.default" "randomForest" "doTryCatch" "tryCatchOne" "tryCatchList" "tryCatch" "try" "rfor.run" 
:947387:49581625:81055184:0:".C" "randomForest.default" "randomForest" "doTryCatch" "tryCatchOne" "tryCatchList" "tryCatch" "try" "rfor.run" 
:947387:49581625:81055184:0:".C" "randomForest.default" "randomForest" "doTryCatch" "tryCatchOne" "tryCatchList" "tryCatch" "try" "rfor.run" 
:947387:49581625:81055184:0:".C" "randomForest.default" "randomForest" "doTryCatch" "tryCatchOne" "tryCatchList" "tryCatch" "try" "rfor.run" 
:947387:49581625:81055184:0:".C" "randomForest.default" "randomForest" "doTryCatch" "tryCatchOne" "tryCatchList" "tryCatch" "try" "rfor.run" 
:947387:49581625:81055184:0:".C" "randomForest.default" "randomForest" "doTryCatch" "tryCatchOne" "tryCatchList" "tryCatch" "try" "rfor.run" 
:947387:49581625:81055184:0:".C" "randomForest.default" "randomForest" "doTryCatch" "tryCatchOne" "tryCatchList" "tryCatch" "try" "rfor.run" 
:947387:49581625:81055184:0:".C" "randomForest.default" "randomForest" "doTryCatch" "tryCatchOne" "tryCatchList" "tryCatch" "try" "rfor.run" 
:947387:49581625:81055184:0:".C" "randomForest.default" "randomForest" "doTryCatch" "tryCatchOne" "tryCatchList" "tryCatch" "try" "rfor.run" 
:947387:49581625:81055184:0:".C" "randomForest.default" "randomForest" "doTryCatch" "tryCatchOne" "tryCatchList" "tryCatch" "try" "rfor.run" 
:947387:49581625:81055184:0:".C" "randomForest.default" "randomForest" "doTryCatch" "tryCatchOne" "tryCatchList" "tryCatch" "try" "rfor.run" 
:947387:49581625:81055184:0:".C" "randomForest.default" "randomForest" "doTryCatch" "tryCatchOne" "tryCatchList" "tryCatch" "try" "rfor.run" 
:947387:49581625:81055184:0:".C" "randomForest.default" "randomForest" "doTryCatch" "tryCatchOne" "tryCatchList" "tryCatch" "try" "rfor.run" 
:947387:49581625:81055184:0:".C" "randomForest.default" "randomForest" "doTryCatch" "tryCatchOne" "tryCatchList" "tryCatch" "try" "rfor.run" 
:947387:49581625:81055184:0:".C" "randomForest.default" "randomForest" "doTryCatch" "tryCatchOne" "tryCatchList" "tryCatch" "try" "rfor.run" 
:947387:49581625:81055184:0:".C" "randomForest.default" "randomForest" "doTryCatch" "tryCatchOne" "tryCatchList" "tryCatch" "try" "rfor.run" 
:947387:49581625:81055184:0:".C" "randomForest.default" "randomForest" "doTryCatch" "tryCatchOne" "tryCatchList" "tryCatch" "try" "rfor.run" 
:947387:49581625:81055184:0:".C" "randomForest.default" "randomForest" "doTryCatch" "tryCatchOne" "tryCatchList" "tryCatch" "try" "rfor.run" 
:947387:49581625:81055184:0:".C" "randomForest.default" "randomForest" "doTryCatch" "tryCatchOne" "tryCatchList" "tryCatch" "try" "rfor.run" 
:947387:49581625:81055184:0:".C" "randomForest.default" "randomForest" "doTryCatch" "tryCatchOne" "tryCatchList" "tryCatch" "try" "rfor.run" 
:947387:49581625:81055184:0:".C" "randomForest.default" "randomForest" "doTryCatch" "tryCatchOne" "tryCatchList" "tryCatch" "try" "rfor.run" 
:947387:49581625:81055184:0:".C" "randomForest.default" "randomForest" "doTryCatch" "tryCatchOne" "tryCatchList" "tryCatch" "try" "rfor.run" 
:947387:49581625:81055184:0:".C" "randomForest.default" "randomForest" "doTryCatch" "tryCatchOne" "tryCatchList" "tryCatch" "try" "rfor.run" 
:947387:49581625:81055184:0:".C" "randomForest.default" "randomForest" "doTryCatch" "tryCatchOne" "tryCatchList" "tryCatch" "try" "rfor.run" 
:947387:49581625:81055184:0:".C" "randomForest.default" "randomForest" "doTryCatch" "tryCatchOne" "tryCatchList" "tryCatch" "try" "rfor.run" 
:947387:49581625:81055184:0:".C" "randomForest.default" "randomForest" "doTryCatch" "tryCatchOne" "tryCatchList" "tryCatch" "try" "rfor.run" 
:947387:49581625:81055184:0:".C" "randomForest.default" "randomForest" "doTryCatch" "tryCatchOne" "tryCatchList" "tryCatch" "try" "rfor.run" 
:947387:49581625:81055184:0:".C" "randomForest.default" "randomForest" "doTryCatch" "tryCatchOne" "tryCatchList" "tryCatch" "try" "rfor.run" 
:947387:49581625:81055184:0:".C" "randomForest.default" "randomForest" "doTryCatch" "tryCatchOne" "tryCatchList" "tryCatch" "try" "rfor.run" 
:947387:49581625:81055184:0:".C" "randomForest.default" "randomForest" "doTryCatch" "tryCatchOne" "tryCatchList" "tryCatch" "try" "rfor.run" 
:947387:49581625:81055184:0:".C" "randomForest.default" "randomForest" "doTryCatch" "tryCatchOne" "tryCatchList" "tryCatch" "try" "rfor.run" 
:947387:49581625:81055184:0:".C" "randomForest.default" "randomForest" "doTryCatch" "tryCatchOne" "tryCatchList" "tryCatch" "try" "rfor.run" 
:947387:49581625:81055184:0:".C" "randomForest.default" "randomForest" "doTryCatch" "tryCatchOne" "tryCatchList" "tryCatch" "try" "rfor.run" 
:947387:49581625:81055184:0:".C" "randomForest.default" "randomForest" "doTryCatch" "tryCatchOne" "tryCatchList" "tryCatch" "try" "rfor.run" 
:947387:49581625:81055184:0:".C" "randomForest.default" "randomForest" "doTryCatch" "tryCatchOne" "tryCatchList" "tryCatch" "try" "rfor.run" 
:947387:49581625:81055184:0:".C" "randomForest.default" "randomForest" "doTryCatch" "tryCatchOne" "tryCatchList" "tryCatch" "try" "rfor.run" 
:947387:49581625:81055184:0:".C" "randomForest.default" "randomForest" "doTryCatch" "tryCatchOne" "tryCatchList" "tryCatch" "try" "rfor.run" 
:947387:49581625:81055184:0:".C" "randomForest.default" "randomForest" "doTryCatch" "tryCatchOne" "tryCatchList" "tryCatch" "try" "rfor.run" 
:947387:49581625:81055184:0:".C" "randomForest.default" "randomForest" "doTryCatch" "tryCatchOne" "tryCatchList" "tryCatch" "try" "rfor.run" 
:947387:49581625:81055184:0:".C" "randomForest.default" "randomForest" "doTryCatch" "tryCatchOne" "tryCatchList" "tryCatch" "try" "rfor.run" 
:947387:49581625:81055184:0:".C" "randomForest.default" "randomForest" "doTryCatch" "tryCatchOne" "tryCatchList" "tryCatch" "try" "rfor.run" 
:947387:49581625:81055184:0:".C" "randomForest.default" "randomForest" "doTryCatch" "tryCatchOne" "tryCatchList" "tryCatch" "try" "rfor.run" 
:947387:49581625:81055184:0:".C" "randomForest.default" "randomForest" "doTryCatch" "tryCatchOne" "tryCatchList" "tryCatch" "try" "rfor.run" 
:947387:49581625:81055184:0:".C" "randomForest.default" "randomForest" "doTryCatch" "tryCatchOne" "tryCatchList" "tryCatch" "try" "rfor.run" 
:947387:49581625:81055184:0:".C" "randomForest.default" "randomForest" "doTryCatch" "tryCatchOne" "tryCatchList" "tryCatch" "try" "rfor.run" 
:947387:49581625:81055184:0:".C" "randomForest.default" "randomForest" "doTryCatch" "tryCatchOne" "tryCatchList" "tryCatch" "try" "rfor.run" 
:947387:49581625:81055184:0:".C" "randomForest.default" "randomForest" "doTryCatch" "tryCatchOne" "tryCatchList" "tryCatch" "try" "rfor.run" 
:947387:49581625:81055184:0:".C" "randomForest.default" "randomForest" "doTryCatch" "tryCatchOne" "tryCatchList" "tryCatch" "try" "rfor.run" 
:947387:49581625:81055184:0:".C" "randomForest.default" "randomForest" "doTryCatch" "tryCatchOne" "tryCatchList" "tryCatch" "try" "rfor.run" 
:947387:49581625:81055184:0:".C" "randomForest.default" "randomForest" "doTryCatch" "tryCatchOne" "tryCatchList" "tryCatch" "try" "rfor.run" 
:947387:49581625:81055184:0:".C" "randomForest.default" "randomForest" "doTryCatch" "tryCatchOne" "tryCatchList" "tryCatch" "try" "rfor.run" 
:947387:49581625:81055184:0:".C" "randomForest.default" "randomForest" "doTryCatch" "tryCatchOne" "tryCatchList" "tryCatch" "try" "rfor.run" 
:947387:49581625:81055184:0:".C" "randomForest.default" "randomForest" "doTryCatch" "tryCatchOne" "tryCatchList" "tryCatch" "try" "rfor.run" 
:947387:49581625:81055184:0:".C" "randomForest.default" "randomForest" "doTryCatch" "tryCatchOne" "tryCatchList" "tryCatch" "try" "rfor.run" 
:947387:49581625:81055184:0:".C" "randomForest.default" "randomForest" "doTryCatch" "tryCatchOne" "tryCatchList" "tryCatch" "try" "rfor.run" 
:947387:49581625:81055184:0:".C" "randomForest.default" "randomForest" "doTryCatch" "tryCatchOne" "tryCatchList" "tryCatch" "try" "rfor.run" 
:947387:49581625:81055184:0:".C" "randomForest.default" "randomForest" "doTryCatch" "tryCatchOne" "tryCatchList" "tryCatch" "try" "rfor.run" 
:947387:49581625:81055184:0:".C" "randomForest.default" "randomForest" "doTryCatch" "tryCatchOne" "tryCatchList" "tryCatch" "try" "rfor.run" 
:947387:49581625:81055184:0:".C" "randomForest.default" "randomForest" "doTryCatch" "tryCatchOne" "tryCatchList" "tryCatch" "try" "rfor.run" 
:947387:49581625:81055184:0:".C" "randomForest.default" "randomForest" "doTryCatch" "tryCatchOne" "tryCatchList" "tryCatch" "try" "rfor.run" 
:947387:49581625:81055184:0:".C" "randomForest.default" "randomForest" "doTryCatch" "tryCatchOne" "tryCatchList" "tryCatch" "try" "rfor.run" 
:947387:49581625:81055184:0:".C" "randomForest.default" "randomForest" "doTryCatch" "tryCatchOne" "tryCatchList" "tryCatch" "try" "rfor.run" 
:947387:49581625:81055184:0:".C" "randomForest.default" "randomForest" "doTryCatch" "tryCatchOne" "tryCatchList" "tryCatch" "try" "rfor.run" 
:947387:49581625:81055184:0:".C" "randomForest.default" "randomForest" "doTryCatch" "tryCatchOne" "tryCatchList" "tryCatch" "try" "rfor.run" 
:947387:49581625:81055184:0:".C" "randomForest.default" "randomForest" "doTryCatch" "tryCatchOne" "tryCatchList" "tryCatch" "try" "rfor.run" 
:947387:49581625:81055184:0:".C" "randomForest.default" "randomForest" "doTryCatch" "tryCatchOne" "tryCatchList" "tryCatch" "try" "rfor.run" 
:947387:49581625:81055184:0:".C" "randomForest.default" "randomForest" "doTryCatch" "tryCatchOne" "tryCatchList" "tryCatch" "try" "rfor.run" 
:947387:49581625:81055184:0:".C" "randomForest.default" "randomForest" "doTryCatch" "tryCatchOne" "tryCatchList" "tryCatch" "try" "rfor.run" 
:947387:49581625:81055184:0:".C" "randomForest.default" "randomForest" "doTryCatch" "tryCatchOne" "tryCatchList" "tryCatch" "try" "rfor.run" 
:947387:49581625:81055184:0:".C" "randomForest.default" "randomForest" "doTryCatch" "tryCatchOne" "tryCatchList" "tryCatch" "try" "rfor.run" 
:947387:49581625:81055184:0:".C" "randomForest.default" "randomForest" "doTryCatch" "tryCatchOne" "tryCatchList" "tryCatch" "try" "rfor.run" 
:947387:49581625:81055184:0:".C" "randomForest.default" "randomForest" "doTryCatch" "tryCatchOne" "tryCatchList" "tryCatch" "try" "rfor.run" 
:947387:49581625:81055184:0:".C" "randomForest.default" "randomForest" "doTryCatch" "tryCatchOne" "tryCatchList" "tryCatch" "try" "rfor.run" 
:947387:49581625:81055184:0:".C" "randomForest.default" "randomForest" "doTryCatch" "tryCatchOne" "tryCatchList" "tryCatch" "try" "rfor.run" 
:947387:49581625:81055184:0:".C" "randomForest.default" "randomForest" "doTryCatch" "tryCatchOne" "tryCatchList" "tryCatch" "try" "rfor.run" 
:947387:49581625:81055184:0:".C" "randomForest.default" "randomForest" "doTryCatch" "tryCatchOne" "tryCatchList" "tryCatch" "try" "rfor.run" 
:947387:49581625:81055184:0:".C" "randomForest.default" "randomForest" "doTryCatch" "tryCatchOne" "tryCatchList" "tryCatch" "try" "rfor.run" 
:947387:49581625:81055184:0:".C" "randomForest.default" "randomForest" "doTryCatch" "tryCatchOne" "tryCatchList" "tryCatch" "try" "rfor.run" 
:947387:49581625:81055184:0:".C" "randomForest.default" "randomForest" "doTryCatch" "tryCatchOne" "tryCatchList" "tryCatch" "try" "rfor.run" 
:947387:49581625:81055184:0:".C" "randomForest.default" "randomForest" "doTryCatch" "tryCatchOne" "tryCatchList" "tryCatch" "try" "rfor.run" 
:947387:49581625:81055184:0:".C" "randomForest.default" "randomForest" "doTryCatch" "tryCatchOne" "tryCatchList" "tryCatch" "try" "rfor.run" 
:947387:49581625:81055184:0:".C" "randomForest.default" "randomForest" "doTryCatch" "tryCatchOne" "tryCatchList" "tryCatch" "try" "rfor.run" 
:947387:49581625:81055184:0:".C" "randomForest.default" "randomForest" "doTryCatch" "tryCatchOne" "tryCatchList" "tryCatch" "try" "rfor.run" 
:947387:49581625:81055184:0:".C" "randomForest.default" "randomForest" "doTryCatch" "tryCatchOne" "tryCatchList" "tryCatch" "try" "rfor.run" 
:947387:49581625:81055184:0:".C" "randomForest.default" "randomForest" "doTryCatch" "tryCatchOne" "tryCatchList" "tryCatch" "try" "rfor.run" 
:947387:49581625:81055184:0:".C" "randomForest.default" "randomForest" "doTryCatch" "tryCatchOne" "tryCatchList" "tryCatch" "try" "rfor.run" 
:947387:49581625:81055184:0:".C" "randomForest.default" "randomForest" "doTryCatch" "tryCatchOne" "tryCatchList" "tryCatch" "try" "rfor.run" 
:947387:49581625:81055184:0:".C" "randomForest.default" "randomForest" "doTryCatch" "tryCatchOne" "tryCatchList" "tryCatch" "try" "rfor.run" 
:947387:49581625:81055184:0:".C" "randomForest.default" "randomForest" "doTryCatch" "tryCatchOne" "tryCatchList" "tryCatch" "try" "rfor.run" 
:947387:49581625:81055184:0:".C" "randomForest.default" "randomForest" "doTryCatch" "tryCatchOne" "tryCatchList" "tryCatch" "try" "rfor.run" 
:947387:49581625:81055184:0:".C" "randomForest.default" "randomForest" "doTryCatch" "tryCatchOne" "tryCatchList" "tryCatch" "try" "rfor.run" 
:947387:49581625:81055184:0:".C" "randomForest.default" "randomForest" "doTryCatch" "tryCatchOne" "tryCatchList" "tryCatch" "try" "rfor.run" 
:947387:49581625:81055184:0:".C" "randomForest.default" "randomForest" "doTryCatch" "tryCatchOne" "tryCatchList" "tryCatch" "try" "rfor.run" 
:947387:49581625:81055184:0:".C" "randomForest.default" "randomForest" "doTryCatch" "tryCatchOne" "tryCatchList" "tryCatch" "try" "rfor.run" 
:947387:49581625:81055184:0:".C" "randomForest.default" "randomForest" "doTryCatch" "tryCatchOne" "tryCatchList" "tryCatch" "try" "rfor.run" 
:947387:49581625:81055184:0:".C" "randomForest.default" "randomForest" "doTryCatch" "tryCatchOne" "tryCatchList" "tryCatch" "try" "rfor.run" 
:947387:49581625:81055184:0:".C" "randomForest.default" "randomForest" "doTryCatch" "tryCatchOne" "tryCatchList" "tryCatch" "try" "rfor.run" 
:947387:49581625:81055184:0:".C" "randomForest.default" "randomForest" "doTryCatch" "tryCatchOne" "tryCatchList" "tryCatch" "try" "rfor.run" 
:947387:49581625:81055184:0:".C" "randomForest.default" "randomForest" "doTryCatch" "tryCatchOne" "tryCatchList" "tryCatch" "try" "rfor.run" 
:947387:49581625:81055184:0:".C" "randomForest.default" "randomForest" "doTryCatch" "tryCatchOne" "tryCatchList" "tryCatch" "try" "rfor.run" 
:947387:49581625:81055184:0:".C" "randomForest.default" "randomForest" "doTryCatch" "tryCatchOne" "tryCatchList" "tryCatch" "try" "rfor.run" 
:947387:49581625:81055184:0:".C" "randomForest.default" "randomForest" "doTryCatch" "tryCatchOne" "tryCatchList" "tryCatch" "try" "rfor.run" 
:947387:49581625:81055184:0:".C" "randomForest.default" "randomForest" "doTryCatch" "tryCatchOne" "tryCatchList" "tryCatch" "try" "rfor.run" 
:947387:49581625:81055184:0:".C" "randomForest.default" "randomForest" "doTryCatch" "tryCatchOne" "tryCatchList" "tryCatch" "try" "rfor.run" 
:947387:49581625:81055184:0:".C" "randomForest.default" "randomForest" "doTryCatch" "tryCatchOne" "tryCatchList" "tryCatch" "try" "rfor.run" 
:947387:49581625:81055184:0:".C" "randomForest.default" "randomForest" "doTryCatch" "tryCatchOne" "tryCatchList" "tryCatch" "try" "rfor.run" 
:947387:49581625:81055184:0:".C" "randomForest.default" "randomForest" "doTryCatch" "tryCatchOne" "tryCatchList" "tryCatch" "try" "rfor.run" 
:947387:49581625:81055184:0:".C" "randomForest.default" "randomForest" "doTryCatch" "tryCatchOne" "tryCatchList" "tryCatch" "try" "rfor.run" 
:947387:49581625:81055184:0:".C" "randomForest.default" "randomForest" "doTryCatch" "tryCatchOne" "tryCatchList" "tryCatch" "try" "rfor.run" 
:947387:49581625:81055184:0:".C" "randomForest.default" "randomForest" "doTryCatch" "tryCatchOne" "tryCatchList" "tryCatch" "try" "rfor.run" 
:947387:49581625:81055184:0:".C" "randomForest.default" "randomForest" "doTryCatch" "tryCatchOne" "tryCatchList" "tryCatch" "try" "rfor.run" 
:947387:49581625:81055184:0:".C" "randomForest.default" "randomForest" "doTryCatch" "tryCatchOne" "tryCatchList" "tryCatch" "try" "rfor.run" 
:947387:49581625:81055184:0:".C" "randomForest.default" "randomForest" "doTryCatch" "tryCatchOne" "tryCatchList" "tryCatch" "try" "rfor.run" 
:947387:49581625:81055184:0:".C" "randomForest.default" "randomForest" "doTryCatch" "tryCatchOne" "tryCatchList" "tryCatch" "try" "rfor.run" 
:947387:49581625:81055184:0:".C" "randomForest.default" "randomForest" "doTryCatch" "tryCatchOne" "tryCatchList" "tryCatch" "try" "rfor.run" 
:947387:49581625:81055184:0:".C" "randomForest.default" "randomForest" "doTryCatch" "tryCatchOne" "tryCatchList" "tryCatch" "try" "rfor.run" 
:947387:49581625:81055184:0:".C" "randomForest.default" "randomForest" "doTryCatch" "tryCatchOne" "tryCatchList" "tryCatch" "try" "rfor.run" 
:947387:49581625:81055184:0:".C" "randomForest.default" "randomForest" "doTryCatch" "tryCatchOne" "tryCatchList" "tryCatch" "try" "rfor.run" 
:947387:49581625:81055184:0:".C" "randomForest.default" "randomForest" "doTryCatch" "tryCatchOne" "tryCatchList" "tryCatch" "try" "rfor.run" 
:947387:49581625:81055184:0:".C" "randomForest.default" "randomForest" "doTryCatch" "tryCatchOne" "tryCatchList" "tryCatch" "try" "rfor.run" 
:947387:49581625:81055184:0:".C" "randomForest.default" "randomForest" "doTryCatch" "tryCatchOne" "tryCatchList" "tryCatch" "try" "rfor.run" 
:947387:49581625:81055184:0:".C" "randomForest.default" "randomForest" "doTryCatch" "tryCatchOne" "tryCatchList" "tryCatch" "try" "rfor.run" 
:947387:49581625:81055184:0:".C" "randomForest.default" "randomForest" "doTryCatch" "tryCatchOne" "tryCatchList" "tryCatch" "try" "rfor.run" 
:947387:49581625:81055184:0:".C" "randomForest.default" "randomForest" "doTryCatch" "tryCatchOne" "tryCatchList" "tryCatch" "try" "rfor.run" 
:947387:49581625:81055184:0:".C" "randomForest.default" "randomForest" "doTryCatch" "tryCatchOne" "tryCatchList" "tryCatch" "try" "rfor.run" 
:947387:49581625:81055184:0:".C" "randomForest.default" "randomForest" "doTryCatch" "tryCatchOne" "tryCatchList" "tryCatch" "try" "rfor.run" 
:947387:49581625:81055184:0:".C" "randomForest.default" "randomForest" "doTryCatch" "tryCatchOne" "tryCatchList" "tryCatch" "try" "rfor.run" 
:947387:49581625:81055184:0:".C" "randomForest.default" "randomForest" "doTryCatch" "tryCatchOne" "tryCatchList" "tryCatch" "try" "rfor.run" 
:947387:49581625:81055184:0:".C" "randomForest.default" "randomForest" "doTryCatch" "tryCatchOne" "tryCatchList" "tryCatch" "try" "rfor.run" 
:947387:49581625:81055184:0:".C" "randomForest.default" "randomForest" "doTryCatch" "tryCatchOne" "tryCatchList" "tryCatch" "try" "rfor.run" 
:947387:49581625:81055184:0:".C" "randomForest.default" "randomForest" "doTryCatch" "tryCatchOne" "tryCatchList" "tryCatch" "try" "rfor.run" 
:947387:49581625:81055184:0:".C" "randomForest.default" "randomForest" "doTryCatch" "tryCatchOne" "tryCatchList" "tryCatch" "try" "rfor.run" 
:947387:49581625:81055184:0:".C" "randomForest.default" "randomForest" "doTryCatch" "tryCatchOne" "tryCatchList" "tryCatch" "try" "rfor.run" 
:947387:49581625:81055184:0:".C" "randomForest.default" "randomForest" "doTryCatch" "tryCatchOne" "tryCatchList" "tryCatch" "try" "rfor.run" 
:947387:49581625:81055184:0:".C" "randomForest.default" "randomForest" "doTryCatch" "tryCatchOne" "tryCatchList" "tryCatch" "try" "rfor.run" 
:947387:49581625:81055184:0:".C" "randomForest.default" "randomForest" "doTryCatch" "tryCatchOne" "tryCatchList" "tryCatch" "try" "rfor.run" 
:947387:49581625:81055184:0:".C" "randomForest.default" "randomForest" "doTryCatch" "tryCatchOne" "tryCatchList" "tryCatch" "try" "rfor.run" 
:947387:49581625:81055184:0:".C" "randomForest.default" "randomForest" "doTryCatch" "tryCatchOne" "tryCatchList" "tryCatch" "try" "rfor.run" 
:947387:49581625:81055184:0:".C" "randomForest.default" "randomForest" "doTryCatch" "tryCatchOne" "tryCatchList" "tryCatch" "try" "rfor.run" 
:947387:49581625:81055184:0:".C" "randomForest.default" "randomForest" "doTryCatch" "tryCatchOne" "tryCatchList" "tryCatch" "try" "rfor.run" 
:947387:49581625:81055184:0:".C" "randomForest.default" "randomForest" "doTryCatch" "tryCatchOne" "tryCatchList" "tryCatch" "try" "rfor.run" 
:947387:49581625:81055184:0:".C" "randomForest.default" "randomForest" "doTryCatch" "tryCatchOne" "tryCatchList" "tryCatch" "try" "rfor.run" 
:947387:49581625:81055184:0:".C" "randomForest.default" "randomForest" "doTryCatch" "tryCatchOne" "tryCatchList" "tryCatch" "try" "rfor.run" 
:947387:49581625:81055184:0:".C" "randomForest.default" "randomForest" "doTryCatch" "tryCatchOne" "tryCatchList" "tryCatch" "try" "rfor.run" 
:947387:49581625:81055184:0:".C" "randomForest.default" "randomForest" "doTryCatch" "tryCatchOne" "tryCatchList" "tryCatch" "try" "rfor.run" 
:947387:49581625:81055184:0:".C" "randomForest.default" "randomForest" "doTryCatch" "tryCatchOne" "tryCatchList" "tryCatch" "try" "rfor.run" 
:947387:49581625:81055184:0:".C" "randomForest.default" "randomForest" "doTryCatch" "tryCatchOne" "tryCatchList" "tryCatch" "try" "rfor.run" 
:947387:49581625:81055184:0:".C" "randomForest.default" "randomForest" "doTryCatch" "tryCatchOne" "tryCatchList" "tryCatch" "try" "rfor.run" 
:947387:49581625:81055184:0:".C" "randomForest.default" "randomForest" "doTryCatch" "tryCatchOne" "tryCatchList" "tryCatch" "try" "rfor.run" 
:947387:49581625:81055184:0:".C" "randomForest.default" "randomForest" "doTryCatch" "tryCatchOne" "tryCatchList" "tryCatch" "try" "rfor.run" 
:947387:49581625:81055184:0:".C" "randomForest.default" "randomForest" "doTryCatch" "tryCatchOne" "tryCatchList" "tryCatch" "try" "rfor.run" 
:947387:49581625:81055184:0:".C" "randomForest.default" "randomForest" "doTryCatch" "tryCatchOne" "tryCatchList" "tryCatch" "try" "rfor.run" 
:947387:49581625:81055184:0:".C" "randomForest.default" "randomForest" "doTryCatch" "tryCatchOne" "tryCatchList" "tryCatch" "try" "rfor.run" 
:947387:49581625:81055184:0:".C" "randomForest.default" "randomForest" "doTryCatch" "tryCatchOne" "tryCatchList" "tryCatch" "try" "rfor.run" 
:947387:49581625:81055184:0:".C" "randomForest.default" "randomForest" "doTryCatch" "tryCatchOne" "tryCatchList" "tryCatch" "try" "rfor.run" 
:947387:49581625:81055184:0:".C" "randomForest.default" "randomForest" "doTryCatch" "tryCatchOne" "tryCatchList" "tryCatch" "try" "rfor.run" 
:947387:49581625:81055184:0:".C" "randomForest.default" "randomForest" "doTryCatch" "tryCatchOne" "tryCatchList" "tryCatch" "try" "rfor.run" 
:947387:49581625:81055184:0:".C" "randomForest.default" "randomForest" "doTryCatch" "tryCatchOne" "tryCatchList" "tryCatch" "try" "rfor.run" 
:947387:49581625:81055184:0:".C" "randomForest.default" "randomForest" "doTryCatch" "tryCatchOne" "tryCatchList" "tryCatch" "try" "rfor.run" 
:947387:49581625:81055184:0:".C" "randomForest.default" "randomForest" "doTryCatch" "tryCatchOne" "tryCatchList" "tryCatch" "try" "rfor.run" 
:947387:49581625:81055184:0:".C" "randomForest.default" "randomForest" "doTryCatch" "tryCatchOne" "tryCatchList" "tryCatch" "try" "rfor.run" 
:947387:49581625:81055184:0:".C" "randomForest.default" "randomForest" "doTryCatch" "tryCatchOne" "tryCatchList" "tryCatch" "try" "rfor.run" 
:947387:49581625:81055184:0:".C" "randomForest.default" "randomForest" "doTryCatch" "tryCatchOne" "tryCatchList" "tryCatch" "try" "rfor.run" 
:947387:49581625:81055184:0:".C" "randomForest.default" "randomForest" "doTryCatch" "tryCatchOne" "tryCatchList" "tryCatch" "try" "rfor.run" 
:947387:49581625:81055184:0:".C" "randomForest.default" "randomForest" "doTryCatch" "tryCatchOne" "tryCatchList" "tryCatch" "try" "rfor.run" 
:947387:49581625:81055184:0:".C" "randomForest.default" "randomForest" "doTryCatch" "tryCatchOne" "tryCatchList" "tryCatch" "try" "rfor.run" 
:947387:49581625:81055184:0:".C" "randomForest.default" "randomForest" "doTryCatch" "tryCatchOne" "tryCatchList" "tryCatch" "try" "rfor.run" 
:947387:49581625:81055184:0:".C" "randomForest.default" "randomForest" "doTryCatch" "tryCatchOne" "tryCatchList" "tryCatch" "try" "rfor.run" 
:947387:49581625:81055184:0:".C" "randomForest.default" "randomForest" "doTryCatch" "tryCatchOne" "tryCatchList" "tryCatch" "try" "rfor.run" 
:947387:49581625:81055184:0:".C" "randomForest.default" "randomForest" "doTryCatch" "tryCatchOne" "tryCatchList" "tryCatch" "try" "rfor.run" 
:947387:49581625:81055184:0:".C" "randomForest.default" "randomForest" "doTryCatch" "tryCatchOne" "tryCatchList" "tryCatch" "try" "rfor.run" 
:947387:49581625:81055184:0:".C" "randomForest.default" "randomForest" "doTryCatch" "tryCatchOne" "tryCatchList" "tryCatch" "try" "rfor.run" 
:947387:49581625:81055184:0:".C" "randomForest.default" "randomForest" "doTryCatch" "tryCatchOne" "tryCatchList" "tryCatch" "try" "rfor.run" 
:947387:49581625:81055184:0:".C" "randomForest.default" "randomForest" "doTryCatch" "tryCatchOne" "tryCatchList" "tryCatch" "try" "rfor.run" 
:947387:49581625:81055184:0:".C" "randomForest.default" "randomForest" "doTryCatch" "tryCatchOne" "tryCatchList" "tryCatch" "try" "rfor.run" 
:947387:49581625:81055184:0:".C" "randomForest.default" "randomForest" "doTryCatch" "tryCatchOne" "tryCatchList" "tryCatch" "try" "rfor.run" 
:947387:49581625:81055184:0:".C" "randomForest.default" "randomForest" "doTryCatch" "tryCatchOne" "tryCatchList" "tryCatch" "try" "rfor.run" 
:947387:49581625:81055184:0:".C" "randomForest.default" "randomForest" "doTryCatch" "tryCatchOne" "tryCatchList" "tryCatch" "try" "rfor.run" 
:947387:49581625:81055184:0:".C" "randomForest.default" "randomForest" "doTryCatch" "tryCatchOne" "tryCatchList" "tryCatch" "try" "rfor.run" 
:947387:49581625:81055184:0:".C" "randomForest.default" "randomForest" "doTryCatch" "tryCatchOne" "tryCatchList" "tryCatch" "try" "rfor.run" 
:947387:49581625:81055184:0:".C" "randomForest.default" "randomForest" "doTryCatch" "tryCatchOne" "tryCatchList" "tryCatch" "try" "rfor.run" 
:947387:49581625:81055184:0:".C" "randomForest.default" "randomForest" "doTryCatch" "tryCatchOne" "tryCatchList" "tryCatch" "try" "rfor.run" 
:947387:49581625:81055184:0:".C" "randomForest.default" "randomForest" "doTryCatch" "tryCatchOne" "tryCatchList" "tryCatch" "try" "rfor.run" 
:947387:49581625:81055184:0:".C" "randomForest.default" "randomForest" "doTryCatch" "tryCatchOne" "tryCatchList" "tryCatch" "try" "rfor.run" 
:947387:49581625:81055184:0:".C" "randomForest.default" "randomForest" "doTryCatch" "tryCatchOne" "tryCatchList" "tryCatch" "try" "rfor.run" 
:947387:49581625:81055184:0:".C" "randomForest.default" "randomForest" "doTryCatch" "tryCatchOne" "tryCatchList" "tryCatch" "try" "rfor.run" 
:947387:49581625:81055184:0:".C" "randomForest.default" "randomForest" "doTryCatch" "tryCatchOne" "tryCatchList" "tryCatch" "try" "rfor.run" 
:947387:49581625:81055184:0:".C" "randomForest.default" "randomForest" "doTryCatch" "tryCatchOne" "tryCatchList" "tryCatch" "try" "rfor.run" 
:947387:49581625:81055184:0:".C" "randomForest.default" "randomForest" "doTryCatch" "tryCatchOne" "tryCatchList" "tryCatch" "try" "rfor.run" 
:947387:49581625:81055184:0:".C" "randomForest.default" "randomForest" "doTryCatch" "tryCatchOne" "tryCatchList" "tryCatch" "try" "rfor.run" 
:947387:49581625:81055184:0:".C" "randomForest.default" "randomForest" "doTryCatch" "tryCatchOne" "tryCatchList" "tryCatch" "try" "rfor.run" 
:947387:49581625:81055184:0:".C" "randomForest.default" "randomForest" "doTryCatch" "tryCatchOne" "tryCatchList" "tryCatch" "try" "rfor.run" 
:947387:49581625:81055184:0:".C" "randomForest.default" "randomForest" "doTryCatch" "tryCatchOne" "tryCatchList" "tryCatch" "try" "rfor.run" 
:947387:49581625:81055184:0:".C" "randomForest.default" "randomForest" "doTryCatch" "tryCatchOne" "tryCatchList" "tryCatch" "try" "rfor.run" 
:947387:49581625:81055184:0:".C" "randomForest.default" "randomForest" "doTryCatch" "tryCatchOne" "tryCatchList" "tryCatch" "try" "rfor.run" 
:947387:49581625:81055184:0:".C" "randomForest.default" "randomForest" "doTryCatch" "tryCatchOne" "tryCatchList" "tryCatch" "try" "rfor.run" 
:947387:49581625:81055184:0:".C" "randomForest.default" "randomForest" "doTryCatch" "tryCatchOne" "tryCatchList" "tryCatch" "try" "rfor.run" 
:947371:50844033:81046560:3:"randomForest.default" "randomForest" "doTryCatch" "tryCatchOne" "tryCatchList" "tryCatch" "try" "rfor.run" 
:947359:50781589:81044432:0:"randomForest.default" "randomForest" "doTryCatch" "tryCatchOne" "tryCatchList" "tryCatch" "try" "rfor.run" 
:947362:50782500:81046056:0:"randomForest.default" "randomForest" "doTryCatch" "tryCatchOne" "tryCatchList" "tryCatch" "try" "rfor.run" 
:947362:50782500:81046056:0:"randomForest.default" "randomForest" "doTryCatch" "tryCatchOne" "tryCatchList" "tryCatch" "try" "rfor.run" 
:947362:50782500:81046056:0:"randomForest.default" "randomForest" "doTryCatch" "tryCatchOne" "tryCatchList" "tryCatch" "try" "rfor.run" 
:947362:50782500:81046056:0:"randomForest.default" "randomForest" "doTryCatch" "tryCatchOne" "tryCatchList" "tryCatch" "try" "rfor.run" 
:947362:50782500:81046056:0:"randomForest.default" "randomForest" "doTryCatch" "tryCatchOne" "tryCatchList" "tryCatch" "try" "rfor.run" 
:946355:23915301:80963288:0:"randomForest.default" "randomForest" "doTryCatch" "tryCatchOne" "tryCatchList" "tryCatch" "try" "rfor.run" 
:946358:24906962:80965024:0:"randomForest.default" "randomForest" "doTryCatch" "tryCatchOne" "tryCatchList" "tryCatch" "try" "rfor.run" 
:946363:25238123:80968384:0:"sys.call" "match.call" "randomForest.default" "randomForest" "doTryCatch" "tryCatchOne" "tryCatchList" "tryCatch" "try" "rfor.run" 
:946363:25238123:80968384:0:"sys.call" "match.call" "randomForest.default" "randomForest" "doTryCatch" "tryCatchOne" "tryCatchList" "tryCatch" "try" "rfor.run" 
:946363:25238123:80968384:0:"sys.call" "match.call" "randomForest.default" "randomForest" "doTryCatch" "tryCatchOne" "tryCatchList" "tryCatch" "try" "rfor.run" 
:946363:25238123:80968384:0:"sys.call" "match.call" "randomForest.default" "randomForest" "doTryCatch" "tryCatchOne" "tryCatchList" "tryCatch" "try" "rfor.run" 
:946363:25238123:80968384:0:"sys.call" "match.call" "randomForest.default" "randomForest" "doTryCatch" "tryCatchOne" "tryCatchList" "tryCatch" "try" "rfor.run" 
:950537:27907129:81997776:1141:"[[.data.frame" "[[" "data.matrix" "t" "predict.randomForest" "predict" "rfor.run" 
:955872:27908073:83082384:1281:
:955872:27908073:83082384:0:
:955872:27908073:83082384:0:
:955872:27908073:83082384:0:
:955872:27908073:83082384:0:
:955872:27908073:83082384:0:
:955872:27908073:83082384:0:
:955872:27908073:83082384:0:
:955872:27908073:83082384:0:
:955872:27908073:83082384:0:
:955872:27908073:83082384:0:
:955872:27908073:83082384:0:
:955872:27908073:83082384:0:
:955872:27908073:83082384:0:
:955872:27908073:83082384:0:
:955872:27908073:83082384:0:
:955872:27908073:83082384:0:
:955872:27908073:83082384:0:
:955872:27908073:83082384:0:
:955872:27908073:83082384:0:
:955872:27908073:83082384:0:
:955872:27908073:83082384:0:
:955872:27908073:83082384:0:
:955872:27908073:83082384:0:
:955872:27908073:83082384:0:
:955872:27908073:83082384:0:
:955872:27908073:83082384:0:
:955872:27908073:83082384:0:
:955872:27908073:83082384:0:
:955872:27908073:83082384:0:
:955872:27908073:83082384:0:
:955872:27908073:83082384:0:
:955872:27908073:83082384:0:
:955872:27908073:83082384:0:
:955872:27908073:83082384:0:
:955872:27908073:83082384:0:
:955872:27908073:83082384:0:
:955872:27908073:83082384:0:
:955872:27908073:83082384:0:
:955872:27908073:83082384:0:
:955872:27908073:83082384:0:
:955872:27908073:83082384:0:
:955872:27908073:83082384:0:
:955872:27908073:83082384:0:
:955872:27908073:83082384:0:
:955872:27908073:83082384:0:
:955872:27908073:83082384:0:
:955872:27908073:83082384:0:
:955872:27908073:83082384:0:
:955872:27908073:83082384:0:
:955872:27908073:83082384:0:
:955872:27908073:83082384:0:
:955872:27908073:83082384:0:
:955872:27908073:83082384:0:
:955872:27908073:83082384:0:
:955872:27908073:83082384:0:
:955872:27908073:83082384:0:
:955872:27908073:83082384:0:
:955872:27908073:83082384:0:
:955872:27908073:83082384:0:
:955872:27908073:83082384:0:
:955872:27908073:83082384:0:
:955872:27908073:83082384:0:
:955872:27908073:83082384:0:
:955872:27908073:83082384:0:
:955872:27908073:83082384:0:
:955872:27908073:83082384:0:
:955872:27908073:83082384:0:
:955872:27908073:83082384:0:
:955872:27908073:83082384:0:
:955872:27908073:83082384:0:
:955872:27908073:83082384:0:
:955872:27908073:83082384:0:
:955872:27908073:83082384:0:
:955872:27908073:83082384:0:
:955872:27908073:83082384:0:
:955872:27908073:83082384:0:
:955872:27908073:83082384:0:
:955872:27908073:83082384:0:
:955872:27908073:83082384:0:
:955872:27908073:83082384:0:
:955872:27908073:83082384:0:
:955872:27908073:83082384:0:
:955872:27908073:83082384:0:
:955872:27908073:83082384:0:
:955872:27908073:83082384:0:
:955872:27908073:83082384:0:
:955872:27908073:83082384:0:
:955872:27908073:83082384:0:
:955872:27908073:83082384:0:
:955872:27908073:83082384:0:
:955872:27908073:83082384:0:
:955872:27908073:83082384:0:
:955872:27908073:83082384:0:
:955872:27908073:83082384:0:
:955872:27908073:83082384:0:
:955872:27908073:83082384:0:
:955872:27908073:83082384:0:
:955872:27908073:83082384:0:
:955872:27908073:83082384:0:
:955872:27908073:83082384:0:
:955872:27908073:83082384:0:
:955872:27908073:83082384:0:
:955872:27908073:83082384:0:
:955872:27908073:83082384:0:
:955872:27908073:83082384:0:
:955872:27908073:83082384:0:
:955872:27908073:83082384:0:
:955872:27908073:83082384:0:
:955872:27908073:83082384:0:
:955872:27908099:83082440:0:
:955872:27908099:83082440:0:
:955872:27908099:83082440:0:
:955872:27908099:83082440:0:
:955872:27908099:83082440:0:
:955872:27908099:83082440:0:
:955872:27908099:83082440:0:
:955872:27908099:83082440:0:
:955872:27908099:83082440:0:
:955872:27908099:83082440:0:
:955872:27908099:83082440:0:
:955872:27908099:83082440:0:
:955872:27908099:83082440:0:
:955872:27908099:83082440:0:
:955872:27908099:83082440:0:
:955872:27908099:83082440:0:
:955872:27908099:83082440:0:
:955872:27908099:83082440:0:
:955872:27908099:83082440:0:
:955872:27908099:83082440:0:
:955872:27908099:83082440:0:
:955872:27908099:83082440:0:
:955872:27908099:83082440:0:
:955872:27908099:83082440:0:
:955872:27908099:83082440:0:
:955872:27908099:83082440:0:
:955872:27908099:83082440:0:
:955872:27908099:83082440:0:
:955872:27908099:83082440:0:
:955872:27908099:83082440:0:
:955872:27908099:83082440:0:
:955872:27908099:83082440:0:
:955872:27908099:83082440:0:
:955872:27908099:83082440:0:
:955872:27908099:83082440:0:
:955872:27908099:83082440:0:
:955872:27908099:83082440:0:
:955872:27908099:83082440:0:
:955872:27908099:83082440:0:
:955872:27908099:83082440:0:
:955872:27908099:83082440:0:
:955872:27908099:83082440:0:
:955872:27908099:83082440:0:
:955872:27908099:83082440:0:
:955872:27908099:83082440:0:
:955872:27908099:83082440:0:
:955872:27908099:83082440:0:
:955872:27908099:83082440:0:
:955872:27908099:83082440:0:
:955872:27908099:83082440:0:
:955872:27908099:83082440:0:
:955872:27908099:83082440:0:
:955872:27908099:83082440:0:
:955872:27908099:83082440:0:
:955872:27908099:83082440:0:
:955872:27908099:83082440:0:
:955872:27908099:83082440:0:
:955872:27908099:83082440:0:
:955872:27908099:83082440:0:
:955872:27908099:83082440:0:
:955872:27908099:83082440:0:
:955872:27908099:83082440:0:
:955872:27908099:83082440:0:
:955872:27908099:83082440:0:
:955872:27908099:83082440:0:
:955872:27908099:83082440:0:
:955872:27908099:83082440:0:
:955872:27908099:83082440:0:
:955872:27908099:83082440:0:
:955872:27908099:83082440:0:
:955872:27908099:83082440:0:
:955872:27908099:83082440:0:
:955872:27908099:83082440:0:
:955872:27908099:83082440:0:
:955872:27908099:83082440:0:
:955872:27908099:83082440:0:
:955872:27908099:83082440:0:
:955872:27908099:83082440:0:
:955872:27908099:83082440:0:
:955872:27908099:83082440:0:
:955872:27908099:83082440:0:
:955872:27908099:83082440:0:
:955872:27908099:83082440:0:
:955872:27908099:83082440:0:
:955872:27908099:83082440:0:
:955872:27908099:83082440:0:
:955872:27908099:83082440:0:
:955872:27908099:83082440:0:
:955872:27908099:83082440:0:
:955872:27908099:83082440:0:
:955872:27908099:83082440:0:
:955872:27908099:83082440:0:
:955872:27908099:83082440:0:
:955872:27908099:83082440:0:
:955872:27908099:83082440:0:
:955872:27908099:83082440:0:
:955872:27908099:83082440:0:
:955872:27908099:83082440:0:
:955872:27908099:83082440:0:
:955872:27908099:83082440:0:
:955872:27908099:83082440:0:
:955872:27908099:83082440:0:
:955872:27908099:83082440:0:
:955872:27908099:83082440:0:
:955872:27908099:83082440:0:
:955872:27908099:83082440:0:
:955872:27908099:83082440:0:
:955872:27908099:83082440:0:
:955872:27908099:83082440:0:
